2025-12-21 01:19:58.405 INFO  [ DeliveryFeeService#calculateDeliveryFee ] [ DeliveryFeeService#calculateDeliveryFee ] address=福岡県福岡市博多区博多駅1-1, totalPrice=10000
2025-12-21 01:19:58.444 INFO  [ DeliveryFeeService#calculateDeliveryFee ] [ DeliveryFeeService ] 通常配送料金: 800
2025-12-21 01:19:58.463 INFO  [ DeliveryFeeService#calculateDeliveryFee ] [ DeliveryFeeService#calculateDeliveryFee ] address=沖縄県那覇市おもろまち1-1-1, totalPrice=3000
2025-12-21 01:19:58.464 INFO  [ DeliveryFeeService#calculateDeliveryFee ] [ DeliveryFeeService ] 沖縄県への配送料金: 1700
2025-12-21 01:19:58.471 INFO  [ DeliveryFeeService#calculateDeliveryFee ] [ DeliveryFeeService#calculateDeliveryFee ] address=東京都渋谷区神南1-1-1, totalPrice=5000
2025-12-21 01:19:58.472 INFO  [ DeliveryFeeService#calculateDeliveryFee ] [ DeliveryFeeService ] 通常配送料金: 800
2025-12-21 01:19:58.486 INFO  [ DeliveryFeeService#calculateDeliveryFee ] [ DeliveryFeeService#calculateDeliveryFee ] address=大阪府大阪市北区梅田1-1-1, totalPrice=10000
2025-12-21 01:19:58.487 INFO  [ DeliveryFeeService#calculateDeliveryFee ] [ DeliveryFeeService ] 通常配送料金: 800
2025-12-21 01:19:58.497 INFO  [ DeliveryFeeService#calculateDeliveryFee ] [ DeliveryFeeService#calculateDeliveryFee ] address=東京都渋谷区神南1-1-1, totalPrice=1000
2025-12-21 01:19:58.498 INFO  [ DeliveryFeeService#calculateDeliveryFee ] [ DeliveryFeeService ] 通常配送料金: 800
2025-12-21 01:19:58.503 INFO  [ DeliveryFeeService#calculateDeliveryFee ] [ DeliveryFeeService#calculateDeliveryFee ] address=北海道札幌市中央区北1条西1丁目, totalPrice=100
2025-12-21 01:19:58.504 INFO  [ DeliveryFeeService#calculateDeliveryFee ] [ DeliveryFeeService ] 通常配送料金: 800
2025-12-21 01:19:58.524 INFO  [ DeliveryFeeService#calculateDeliveryFee ] [ DeliveryFeeService#calculateDeliveryFee ] address=沖縄県石垣市登野城1-1, totalPrice=4999
2025-12-21 01:19:58.530 INFO  [ DeliveryFeeService#calculateDeliveryFee ] [ DeliveryFeeService ] 沖縄県への配送料金: 1700
2025-12-21 01:19:58.538 INFO  [ DeliveryFeeService#calculateDeliveryFee ] [ DeliveryFeeService#calculateDeliveryFee ] address=沖縄県那覇市おもろまち1-1-1, totalPrice=5000
2025-12-21 01:19:58.540 INFO  [ DeliveryFeeService#calculateDeliveryFee ] [ DeliveryFeeService ] 沖縄県への配送料金: 1700
2025-12-21 01:19:58.567 INFO  [ DeliveryFeeService#calculateDeliveryFee ] [ DeliveryFeeService#calculateDeliveryFee ] address=神奈川県横浜市西区みなとみらい1-1-1, totalPrice=1000
2025-12-21 01:19:58.568 INFO  [ DeliveryFeeService#calculateDeliveryFee ] [ DeliveryFeeService ] 通常配送料金: 800
2025-12-21 01:25:33.327 INFO  [ DeliveryFeeService#calculateDeliveryFee ] [ DeliveryFeeService#calculateDeliveryFee ] address=東京都渋谷区神南1-1-1, totalPrice=5000
2025-12-21 01:25:33.351 INFO  [ DeliveryFeeService#calculateDeliveryFee ] [ DeliveryFeeService ] 送料無料（購入金額5000円 >= 5000円）
2025-12-21 01:25:33.389 INFO  [ DeliveryFeeService#calculateDeliveryFee ] [ DeliveryFeeService#calculateDeliveryFee ] address=福岡県福岡市博多区博多駅1-1, totalPrice=10000
2025-12-21 01:25:33.390 INFO  [ DeliveryFeeService#calculateDeliveryFee ] [ DeliveryFeeService ] 送料無料（購入金額10000円 >= 5000円）
2025-12-21 01:25:33.395 INFO  [ DeliveryFeeService#calculateDeliveryFee ] [ DeliveryFeeService#calculateDeliveryFee ] address=大阪府大阪市北区梅田1-1-1, totalPrice=5001
2025-12-21 01:25:33.397 INFO  [ DeliveryFeeService#calculateDeliveryFee ] [ DeliveryFeeService ] 送料無料（購入金額5001円 >= 5000円）
2025-12-21 01:25:33.415 INFO  [ DeliveryFeeService#calculateDeliveryFee ] [ DeliveryFeeService#calculateDeliveryFee ] address=沖縄県那覇市おもろまち1-1-1, totalPrice=3000
2025-12-21 01:25:33.416 INFO  [ DeliveryFeeService#calculateDeliveryFee ] [ DeliveryFeeService ] 沖縄県への配送料金: 1700
2025-12-21 01:25:33.431 INFO  [ DeliveryFeeService#calculateDeliveryFee ] [ DeliveryFeeService#calculateDeliveryFee ] address=沖縄県那覇市おもろまち1-1-1, totalPrice=5000
2025-12-21 01:25:33.432 INFO  [ DeliveryFeeService#calculateDeliveryFee ] [ DeliveryFeeService ] 送料無料（購入金額5000円 >= 5000円）
2025-12-21 01:25:33.437 INFO  [ DeliveryFeeService#calculateDeliveryFee ] [ DeliveryFeeService#calculateDeliveryFee ] address=東京都渋谷区神南1-1-1, totalPrice=4999
2025-12-21 01:25:33.438 INFO  [ DeliveryFeeService#calculateDeliveryFee ] [ DeliveryFeeService ] 通常配送料金: 800
2025-12-21 01:25:33.443 INFO  [ DeliveryFeeService#calculateDeliveryFee ] [ DeliveryFeeService#calculateDeliveryFee ] address=北海道札幌市中央区北1条西1丁目, totalPrice=100
2025-12-21 01:25:33.444 INFO  [ DeliveryFeeService#calculateDeliveryFee ] [ DeliveryFeeService ] 通常配送料金: 800
2025-12-21 01:25:33.448 INFO  [ DeliveryFeeService#calculateDeliveryFee ] [ DeliveryFeeService#calculateDeliveryFee ] address=沖縄県石垣市登野城1-1, totalPrice=4999
2025-12-21 01:25:33.450 INFO  [ DeliveryFeeService#calculateDeliveryFee ] [ DeliveryFeeService ] 沖縄県への配送料金: 1700
2025-12-21 01:25:33.457 INFO  [ DeliveryFeeService#calculateDeliveryFee ] [ DeliveryFeeService#calculateDeliveryFee ] address=神奈川県横浜市西区みなとみらい1-1-1, totalPrice=1000
2025-12-21 01:25:33.458 INFO  [ DeliveryFeeService#calculateDeliveryFee ] [ DeliveryFeeService ] 通常配送料金: 800
2025-12-21 09:46:07.168 INFO  [ CartSession#clear ] [ CartSession#clear ]
2025-12-21 09:46:07.186 INFO  [ BookService#searchBook ] [ BookService#searchBook ] categoryId=1, keyword=null
2025-12-21 09:46:07.190 INFO  [ CartSession#clear ] [ CartSession#clear ]
2025-12-21 09:46:07.193 INFO  [ CartSession#clear ] [ CartSession#clear ]
2025-12-21 09:46:07.204 INFO  [ CartSession#clear ] [ CartSession#clear ]
2025-12-21 09:46:07.205 INFO  [ BookService#searchBook ] [ BookService#searchBook ] categoryId=1, keyword=null
2025-12-21 09:46:07.210 INFO  [ CartSession#clear ] [ CartSession#clear ]
2025-12-21 09:46:07.211 INFO  [ BookService#searchBook ] [ BookService#searchBook ] categoryId=1, keyword=null
2025-12-21 09:46:07.216 INFO  [ CartSession#clear ] [ CartSession#clear ]
2025-12-21 09:46:07.221 INFO  [ BookService#searchBook ] [ BookService#searchBook ] categoryId=1, keyword=null
2025-12-21 09:46:07.681 INFO  [ BookService#searchBook ] [ BookService#searchBook ] categoryId=null, keyword=Java
2025-12-21 09:46:07.705 INFO  [ BookService#searchBook ] [ BookService#searchBook ] categoryId=null, keyword=   
2025-12-21 09:46:07.725 INFO  [ BookService#findBookById ] [ BookService#findBookById ] bookId=1
2025-12-21 09:46:07.760 INFO  [ BookService#searchBook ] [ BookService#searchBook ] categoryId=null, keyword=null
2025-12-21 09:46:07.808 INFO  [ BookService#searchBook ] [ BookService#searchBook ] categoryId=1, keyword=null
2025-12-21 09:46:07.826 INFO  [ BookService#searchBook ] [ BookService#searchBook ] categoryId=1, keyword=Java
2025-12-21 09:46:07.862 INFO  [ BookService#findBookById ] [ BookService#findBookById ] bookId=999
2025-12-21 09:46:07.877 INFO  [ BookService#searchBook ] [ BookService#searchBook ] categoryId=null, keyword=存在しない書籍
2025-12-21 09:46:08.151 INFO  [ CustomerService#findByEmail ] [ CustomerService#findByEmail ] email=notfound@gmail.com
2025-12-21 09:46:08.154 INFO  [ CustomerService#findByEmail ] [ CustomerService#findByEmail ] Customer not found: email=notfound@gmail.com
2025-12-21 09:46:08.175 INFO  [ CustomerService#authenticate ] [ CustomerService#authenticate ] email=alice@gmail.com
2025-12-21 09:46:08.177 INFO  [ CustomerService#authenticate ] [ CustomerService#authenticate ] Password mismatch: email=alice@gmail.com
2025-12-21 09:46:08.205 INFO  [ CustomerService#findByEmail ] [ CustomerService#findByEmail ] email=alice@gmail.com
2025-12-21 09:46:08.248 INFO  [ CustomerService#findByEmail ] [ CustomerService#findByEmail ] Customer found: customerId=1
2025-12-21 09:46:08.263 INFO  [ CustomerService#authenticate ] [ CustomerService#authenticate ] email=alice@gmail.com
2025-12-21 09:46:08.265 INFO  [ CustomerService#authenticate ] [ CustomerService#authenticate ] Authentication successful: customerId=1
2025-12-21 09:46:08.286 INFO  [ CustomerService#register ] [ CustomerService#register ] email=alice@gmail.com
2025-12-21 09:46:08.288 INFO  [ CustomerService#register ] [ CustomerService#register ] Customer registered successfully: customerId=1
2025-12-21 09:46:08.342 INFO  [ CustomerService#authenticate ] [ CustomerService#authenticate ] email=notfound@gmail.com
2025-12-21 09:46:08.346 INFO  [ CustomerService#authenticate ] [ CustomerService#authenticate ] Customer not found: email=notfound@gmail.com
2025-12-21 09:46:08.397 INFO  [ CustomerService#register ] [ CustomerService#register ] email=alice@gmail.com
2025-12-21 09:46:08.491 INFO  [ DeliveryFeeService#calculateDeliveryFee ] [ DeliveryFeeService#calculateDeliveryFee ] address=東京都渋谷区神南1-1-1, totalPrice=5000
2025-12-21 09:46:08.492 INFO  [ DeliveryFeeService#calculateDeliveryFee ] [ DeliveryFeeService ] 送料無料（購入金額5000円 >= 5000円）
2025-12-21 09:46:08.496 INFO  [ DeliveryFeeService#calculateDeliveryFee ] [ DeliveryFeeService#calculateDeliveryFee ] address=福岡県福岡市博多区博多駅1-1, totalPrice=10000
2025-12-21 09:46:08.496 INFO  [ DeliveryFeeService#calculateDeliveryFee ] [ DeliveryFeeService ] 送料無料（購入金額10000円 >= 5000円）
2025-12-21 09:46:08.500 INFO  [ DeliveryFeeService#calculateDeliveryFee ] [ DeliveryFeeService#calculateDeliveryFee ] address=大阪府大阪市北区梅田1-1-1, totalPrice=5001
2025-12-21 09:46:08.501 INFO  [ DeliveryFeeService#calculateDeliveryFee ] [ DeliveryFeeService ] 送料無料（購入金額5001円 >= 5000円）
2025-12-21 09:46:08.512 INFO  [ DeliveryFeeService#calculateDeliveryFee ] [ DeliveryFeeService#calculateDeliveryFee ] address=沖縄県那覇市おもろまち1-1-1, totalPrice=3000
2025-12-21 09:46:08.513 INFO  [ DeliveryFeeService#calculateDeliveryFee ] [ DeliveryFeeService ] 沖縄県への配送料金: 1700
2025-12-21 09:46:08.527 INFO  [ DeliveryFeeService#calculateDeliveryFee ] [ DeliveryFeeService#calculateDeliveryFee ] address=沖縄県那覇市おもろまち1-1-1, totalPrice=5000
2025-12-21 09:46:08.528 INFO  [ DeliveryFeeService#calculateDeliveryFee ] [ DeliveryFeeService ] 送料無料（購入金額5000円 >= 5000円）
2025-12-21 09:46:08.532 INFO  [ DeliveryFeeService#calculateDeliveryFee ] [ DeliveryFeeService#calculateDeliveryFee ] address=東京都渋谷区神南1-1-1, totalPrice=4999
2025-12-21 09:46:08.533 INFO  [ DeliveryFeeService#calculateDeliveryFee ] [ DeliveryFeeService ] 通常配送料金: 800
2025-12-21 09:46:08.536 INFO  [ DeliveryFeeService#calculateDeliveryFee ] [ DeliveryFeeService#calculateDeliveryFee ] address=北海道札幌市中央区北1条西1丁目, totalPrice=100
2025-12-21 09:46:08.544 INFO  [ DeliveryFeeService#calculateDeliveryFee ] [ DeliveryFeeService ] 通常配送料金: 800
2025-12-21 09:46:08.553 INFO  [ DeliveryFeeService#calculateDeliveryFee ] [ DeliveryFeeService#calculateDeliveryFee ] address=沖縄県石垣市登野城1-1, totalPrice=4999
2025-12-21 09:46:08.554 INFO  [ DeliveryFeeService#calculateDeliveryFee ] [ DeliveryFeeService ] 沖縄県への配送料金: 1700
2025-12-21 09:46:08.562 INFO  [ DeliveryFeeService#calculateDeliveryFee ] [ DeliveryFeeService#calculateDeliveryFee ] address=神奈川県横浜市西区みなとみらい1-1-1, totalPrice=1000
2025-12-21 09:46:08.563 INFO  [ DeliveryFeeService#calculateDeliveryFee ] [ DeliveryFeeService ] 通常配送料金: 800
2025-12-21 09:46:08.882 INFO  [ OrderService#getOrderDetail ] [ OrderService#getOrderDetail ] orderTranId=1
2025-12-21 09:46:08.920 INFO  [ OrderService#orderBooks ] [ OrderService#orderBooks ] customerId=1, deliveryAddress=東京都渋谷区神南1-1-1
2025-12-21 09:46:08.922 WARN  [ OrderService#orderBooks ] Stock not found for bookId=1
2025-12-21 09:46:08.949 INFO  [ OrderService#orderBooks ] [ OrderService#orderBooks ] customerId=1, deliveryAddress=東京都渋谷区神南1-1-1
2025-12-21 09:46:08.968 INFO  [ OrderService#getOrderHistory ] [ OrderService#getOrderHistory ] customerId=999
2025-12-21 09:46:09.014 INFO  [ OrderService#orderBooks ] [ OrderService#orderBooks ] customerId=1, deliveryAddress=東京都渋谷区神南1-1-1
2025-12-21 09:46:09.015 WARN  [ OrderService#orderBooks ] Out of stock: bookId=1, bookName=Java SE ディープダイブ, stock=1, ordered=2
2025-12-21 09:46:09.046 INFO  [ OrderService#getOrderHistory ] [ OrderService#getOrderHistory ] customerId=1
2025-12-21 09:46:09.061 INFO  [ OrderService#getOrderDetail ] [ OrderService#getOrderDetail ] orderTranId=999
2025-12-21 09:46:09.062 WARN  [ OrderService#getOrderDetail ] OrderTran not found: orderTranId=999
2025-12-21 09:46:09.105 INFO  [ OrderService#orderBooks ] [ OrderService#orderBooks ] customerId=1, deliveryAddress=東京都渋谷区神南1-1-1
2025-12-21 09:46:09.131 INFO  [ CartSession#addItem ] [ CartSession#addItem ] bookId=1, count=2
2025-12-21 09:46:09.133 INFO  [ CartSession#addItem ] [ CartSession#addItem ] Added new item
2025-12-21 09:46:09.137 INFO  [ CartSession#calculateTotalPrice ] [ CartSession#calculateTotalPrice ] totalPrice=6800
2025-12-21 09:46:09.138 INFO  [ CartSession#addItem ] [ CartSession#addItem ] bookId=2, count=1
2025-12-21 09:46:09.139 INFO  [ CartSession#addItem ] [ CartSession#addItem ] Added new item
2025-12-21 09:46:09.139 INFO  [ CartSession#calculateTotalPrice ] [ CartSession#calculateTotalPrice ] totalPrice=11000
2025-12-21 09:46:09.140 INFO  [ CartSession#clear ] [ CartSession#clear ]
2025-12-21 09:46:09.143 INFO  [ CartSession#addItem ] [ CartSession#addItem ] bookId=1, count=1
2025-12-21 09:46:09.144 INFO  [ CartSession#addItem ] [ CartSession#addItem ] Added new item
2025-12-21 09:46:09.144 INFO  [ CartSession#calculateTotalPrice ] [ CartSession#calculateTotalPrice ] totalPrice=3400
2025-12-21 09:46:09.148 INFO  [ CartSession#addItem ] [ CartSession#addItem ] bookId=1, count=2
2025-12-21 09:46:09.148 INFO  [ CartSession#addItem ] [ CartSession#addItem ] Added new item
2025-12-21 09:46:09.149 INFO  [ CartSession#calculateTotalPrice ] [ CartSession#calculateTotalPrice ] totalPrice=6800
2025-12-21 09:46:09.149 INFO  [ CartSession#addItem ] [ CartSession#addItem ] bookId=2, count=1
2025-12-21 09:46:09.149 INFO  [ CartSession#addItem ] [ CartSession#addItem ] Added new item
2025-12-21 09:46:09.150 INFO  [ CartSession#calculateTotalPrice ] [ CartSession#calculateTotalPrice ] totalPrice=11000
2025-12-21 09:46:09.150 INFO  [ CartSession#removeItem ] [ CartSession#removeItem ] bookId=1
2025-12-21 09:46:09.154 INFO  [ CartSession#calculateTotalPrice ] [ CartSession#calculateTotalPrice ] totalPrice=4200
2025-12-21 09:46:09.160 INFO  [ CartSession#addItem ] [ CartSession#addItem ] bookId=1, count=2
2025-12-21 09:46:09.161 INFO  [ CartSession#addItem ] [ CartSession#addItem ] Added new item
2025-12-21 09:46:09.161 INFO  [ CartSession#calculateTotalPrice ] [ CartSession#calculateTotalPrice ] totalPrice=6800
2025-12-21 09:46:09.165 INFO  [ CartSession#addItem ] [ CartSession#addItem ] bookId=1, count=2
2025-12-21 09:46:09.166 INFO  [ CartSession#addItem ] [ CartSession#addItem ] Added new item
2025-12-21 09:46:09.166 INFO  [ CartSession#calculateTotalPrice ] [ CartSession#calculateTotalPrice ] totalPrice=6800
2025-12-21 09:46:09.167 INFO  [ CartSession#removeItem ] [ CartSession#removeItem ] bookId=999
2025-12-21 09:46:09.184 INFO  [ CartSession#calculateTotalPrice ] [ CartSession#calculateTotalPrice ] totalPrice=6800
2025-12-21 09:46:09.196 INFO  [ CartSession#addItem ] [ CartSession#addItem ] bookId=1, count=2
2025-12-21 09:46:09.197 INFO  [ CartSession#addItem ] [ CartSession#addItem ] Added new item
2025-12-21 09:46:09.197 INFO  [ CartSession#calculateTotalPrice ] [ CartSession#calculateTotalPrice ] totalPrice=6800
2025-12-21 09:46:09.198 INFO  [ CartSession#addItem ] [ CartSession#addItem ] bookId=2, count=1
2025-12-21 09:46:09.198 INFO  [ CartSession#addItem ] [ CartSession#addItem ] Added new item
2025-12-21 09:46:09.199 INFO  [ CartSession#calculateTotalPrice ] [ CartSession#calculateTotalPrice ] totalPrice=11000
2025-12-21 09:46:09.199 INFO  [ CartSession#addItem ] [ CartSession#addItem ] bookId=3, count=1
2025-12-21 09:46:09.203 INFO  [ CartSession#addItem ] [ CartSession#addItem ] Added new item
2025-12-21 09:46:09.206 INFO  [ CartSession#calculateTotalPrice ] [ CartSession#calculateTotalPrice ] totalPrice=13800
2025-12-21 09:46:09.207 INFO  [ CartSession#removeItem ] [ CartSession#removeItem ] bookId=1
2025-12-21 09:46:09.213 INFO  [ CartSession#calculateTotalPrice ] [ CartSession#calculateTotalPrice ] totalPrice=7000
2025-12-21 09:46:09.214 INFO  [ CartSession#removeItem ] [ CartSession#removeItem ] bookId=3
2025-12-21 09:46:09.214 INFO  [ CartSession#calculateTotalPrice ] [ CartSession#calculateTotalPrice ] totalPrice=4200
2025-12-21 09:46:09.220 INFO  [ CartSession#addItem ] [ CartSession#addItem ] bookId=1, count=2
2025-12-21 09:46:09.221 INFO  [ CartSession#addItem ] [ CartSession#addItem ] Added new item
2025-12-21 09:46:09.221 INFO  [ CartSession#calculateTotalPrice ] [ CartSession#calculateTotalPrice ] totalPrice=6800
2025-12-21 09:46:09.223 INFO  [ CartSession#addItem ] [ CartSession#addItem ] bookId=1, count=3
2025-12-21 09:46:09.223 INFO  [ CartSession#addItem ] [ CartSession#addItem ] Updated existing item, new count=5
2025-12-21 09:46:09.224 INFO  [ CartSession#calculateTotalPrice ] [ CartSession#calculateTotalPrice ] totalPrice=17000
2025-12-21 09:46:09.227 INFO  [ CartSession#addItem ] [ CartSession#addItem ] bookId=1, count=2
2025-12-21 09:46:09.228 INFO  [ CartSession#addItem ] [ CartSession#addItem ] Added new item
2025-12-21 09:46:09.228 INFO  [ CartSession#calculateTotalPrice ] [ CartSession#calculateTotalPrice ] totalPrice=6800
2025-12-21 09:46:09.228 INFO  [ CartSession#addItem ] [ CartSession#addItem ] bookId=2, count=3
2025-12-21 09:46:09.229 INFO  [ CartSession#addItem ] [ CartSession#addItem ] Added new item
2025-12-21 09:46:09.230 INFO  [ CartSession#calculateTotalPrice ] [ CartSession#calculateTotalPrice ] totalPrice=19400
2025-12-21 09:46:09.230 INFO  [ CartSession#addItem ] [ CartSession#addItem ] bookId=3, count=1
2025-12-21 09:46:09.231 INFO  [ CartSession#addItem ] [ CartSession#addItem ] Added new item
2025-12-21 09:46:09.231 INFO  [ CartSession#calculateTotalPrice ] [ CartSession#calculateTotalPrice ] totalPrice=22200
2025-12-21 09:46:09.241 INFO  [ CartSession#addItem ] [ CartSession#addItem ] bookId=1, count=1
2025-12-21 09:46:09.242 INFO  [ CartSession#addItem ] [ CartSession#addItem ] Added new item
2025-12-21 09:46:09.242 INFO  [ CartSession#calculateTotalPrice ] [ CartSession#calculateTotalPrice ] totalPrice=3400
2025-12-21 09:46:09.244 WARN  [ CartSession#removeItem ] [ CartSession#removeItem ] bookId is null
2025-12-21 09:46:09.247 WARN  [ CartSession#addItem ] [ CartSession#addItem ] item is null
2025-12-21 09:50:20.060 INFO  [ CartSession#clear ] [ CartSession#clear ]
2025-12-21 09:50:20.090 INFO  [ BookService#searchBook ] [ BookService#searchBook ] categoryId=1, keyword=null
2025-12-21 09:50:20.110 INFO  [ CartSession#clear ] [ CartSession#clear ]
2025-12-21 09:50:20.116 INFO  [ CartSession#clear ] [ CartSession#clear ]
2025-12-21 09:50:20.131 INFO  [ CartSession#clear ] [ CartSession#clear ]
2025-12-21 09:50:20.133 INFO  [ BookService#searchBook ] [ BookService#searchBook ] categoryId=1, keyword=null
2025-12-21 09:50:20.143 INFO  [ CartSession#clear ] [ CartSession#clear ]
2025-12-21 09:50:20.144 INFO  [ BookService#searchBook ] [ BookService#searchBook ] categoryId=1, keyword=null
2025-12-21 09:50:20.149 INFO  [ CartSession#clear ] [ CartSession#clear ]
2025-12-21 09:50:20.150 INFO  [ BookService#searchBook ] [ BookService#searchBook ] categoryId=1, keyword=null
2025-12-21 09:50:20.513 INFO  [ BookService#searchBook ] [ BookService#searchBook ] categoryId=null, keyword=Java
2025-12-21 09:50:20.523 INFO  [ BookService#searchBook ] [ BookService#searchBook ] categoryId=null, keyword=   
2025-12-21 09:50:20.536 INFO  [ BookService#findBookById ] [ BookService#findBookById ] bookId=1
2025-12-21 09:50:20.544 INFO  [ BookService#searchBook ] [ BookService#searchBook ] categoryId=null, keyword=null
2025-12-21 09:50:20.553 INFO  [ BookService#searchBook ] [ BookService#searchBook ] categoryId=1, keyword=null
2025-12-21 09:50:20.561 INFO  [ BookService#searchBook ] [ BookService#searchBook ] categoryId=1, keyword=Java
2025-12-21 09:50:20.574 INFO  [ BookService#findBookById ] [ BookService#findBookById ] bookId=999
2025-12-21 09:50:20.587 INFO  [ BookService#searchBook ] [ BookService#searchBook ] categoryId=null, keyword=存在しない書籍
2025-12-21 09:50:20.686 INFO  [ CustomerService#findByEmail ] [ CustomerService#findByEmail ] email=notfound@gmail.com
2025-12-21 09:50:20.687 INFO  [ CustomerService#findByEmail ] [ CustomerService#findByEmail ] Customer not found: email=notfound@gmail.com
2025-12-21 09:50:20.696 INFO  [ CustomerService#authenticate ] [ CustomerService#authenticate ] email=alice@gmail.com
2025-12-21 09:50:20.697 INFO  [ CustomerService#authenticate ] [ CustomerService#authenticate ] Password mismatch: email=alice@gmail.com
2025-12-21 09:50:20.706 INFO  [ CustomerService#findByEmail ] [ CustomerService#findByEmail ] email=alice@gmail.com
2025-12-21 09:50:20.707 INFO  [ CustomerService#findByEmail ] [ CustomerService#findByEmail ] Customer found: customerId=1
2025-12-21 09:50:20.717 INFO  [ CustomerService#authenticate ] [ CustomerService#authenticate ] email=alice@gmail.com
2025-12-21 09:50:20.719 INFO  [ CustomerService#authenticate ] [ CustomerService#authenticate ] Authentication successful: customerId=1
2025-12-21 09:50:20.729 INFO  [ CustomerService#register ] [ CustomerService#register ] email=alice@gmail.com
2025-12-21 09:50:20.730 INFO  [ CustomerService#register ] [ CustomerService#register ] Customer registered successfully: customerId=1
2025-12-21 09:50:20.738 INFO  [ CustomerService#authenticate ] [ CustomerService#authenticate ] email=notfound@gmail.com
2025-12-21 09:50:20.739 INFO  [ CustomerService#authenticate ] [ CustomerService#authenticate ] Customer not found: email=notfound@gmail.com
2025-12-21 09:50:20.757 INFO  [ CustomerService#register ] [ CustomerService#register ] email=alice@gmail.com
2025-12-21 09:50:20.771 INFO  [ DeliveryFeeService#calculateDeliveryFee ] [ DeliveryFeeService#calculateDeliveryFee ] address=東京都渋谷区神南1-1-1, totalPrice=5000
2025-12-21 09:50:20.772 INFO  [ DeliveryFeeService#calculateDeliveryFee ] [ DeliveryFeeService ] 送料無料（購入金額5000円 >= 5000円）
2025-12-21 09:50:20.775 INFO  [ DeliveryFeeService#calculateDeliveryFee ] [ DeliveryFeeService#calculateDeliveryFee ] address=福岡県福岡市博多区博多駅1-1, totalPrice=10000
2025-12-21 09:50:20.776 INFO  [ DeliveryFeeService#calculateDeliveryFee ] [ DeliveryFeeService ] 送料無料（購入金額10000円 >= 5000円）
2025-12-21 09:50:20.780 INFO  [ DeliveryFeeService#calculateDeliveryFee ] [ DeliveryFeeService#calculateDeliveryFee ] address=大阪府大阪市北区梅田1-1-1, totalPrice=5001
2025-12-21 09:50:20.781 INFO  [ DeliveryFeeService#calculateDeliveryFee ] [ DeliveryFeeService ] 送料無料（購入金額5001円 >= 5000円）
2025-12-21 09:50:20.792 INFO  [ DeliveryFeeService#calculateDeliveryFee ] [ DeliveryFeeService#calculateDeliveryFee ] address=沖縄県那覇市おもろまち1-1-1, totalPrice=3000
2025-12-21 09:50:20.793 INFO  [ DeliveryFeeService#calculateDeliveryFee ] [ DeliveryFeeService ] 沖縄県への配送料金: 1700
2025-12-21 09:50:20.804 INFO  [ DeliveryFeeService#calculateDeliveryFee ] [ DeliveryFeeService#calculateDeliveryFee ] address=沖縄県那覇市おもろまち1-1-1, totalPrice=5000
2025-12-21 09:50:20.805 INFO  [ DeliveryFeeService#calculateDeliveryFee ] [ DeliveryFeeService ] 送料無料（購入金額5000円 >= 5000円）
2025-12-21 09:50:20.808 INFO  [ DeliveryFeeService#calculateDeliveryFee ] [ DeliveryFeeService#calculateDeliveryFee ] address=東京都渋谷区神南1-1-1, totalPrice=4999
2025-12-21 09:50:20.809 INFO  [ DeliveryFeeService#calculateDeliveryFee ] [ DeliveryFeeService ] 通常配送料金: 800
2025-12-21 09:50:20.814 INFO  [ DeliveryFeeService#calculateDeliveryFee ] [ DeliveryFeeService#calculateDeliveryFee ] address=北海道札幌市中央区北1条西1丁目, totalPrice=100
2025-12-21 09:50:20.814 INFO  [ DeliveryFeeService#calculateDeliveryFee ] [ DeliveryFeeService ] 通常配送料金: 800
2025-12-21 09:50:20.818 INFO  [ DeliveryFeeService#calculateDeliveryFee ] [ DeliveryFeeService#calculateDeliveryFee ] address=沖縄県石垣市登野城1-1, totalPrice=4999
2025-12-21 09:50:20.818 INFO  [ DeliveryFeeService#calculateDeliveryFee ] [ DeliveryFeeService ] 沖縄県への配送料金: 1700
2025-12-21 09:50:20.824 INFO  [ DeliveryFeeService#calculateDeliveryFee ] [ DeliveryFeeService#calculateDeliveryFee ] address=神奈川県横浜市西区みなとみらい1-1-1, totalPrice=1000
2025-12-21 09:50:20.825 INFO  [ DeliveryFeeService#calculateDeliveryFee ] [ DeliveryFeeService ] 通常配送料金: 800
2025-12-21 09:50:20.989 INFO  [ OrderService#getOrderDetail ] [ OrderService#getOrderDetail ] orderTranId=1
2025-12-21 09:50:21.009 INFO  [ OrderService#orderBooks ] [ OrderService#orderBooks ] customerId=1, deliveryAddress=東京都渋谷区神南1-1-1
2025-12-21 09:50:21.010 WARN  [ OrderService#orderBooks ] Stock not found for bookId=1
2025-12-21 09:50:21.026 INFO  [ OrderService#orderBooks ] [ OrderService#orderBooks ] customerId=1, deliveryAddress=東京都渋谷区神南1-1-1
2025-12-21 09:50:21.039 INFO  [ OrderService#getOrderHistory ] [ OrderService#getOrderHistory ] customerId=999
2025-12-21 09:50:21.048 INFO  [ OrderService#orderBooks ] [ OrderService#orderBooks ] customerId=1, deliveryAddress=東京都渋谷区神南1-1-1
2025-12-21 09:50:21.049 WARN  [ OrderService#orderBooks ] Out of stock: bookId=1, bookName=Java SE ディープダイブ, stock=1, ordered=2
2025-12-21 09:50:21.062 INFO  [ OrderService#getOrderHistory ] [ OrderService#getOrderHistory ] customerId=1
2025-12-21 09:50:21.079 INFO  [ OrderService#getOrderDetail ] [ OrderService#getOrderDetail ] orderTranId=999
2025-12-21 09:50:21.081 WARN  [ OrderService#getOrderDetail ] OrderTran not found: orderTranId=999
2025-12-21 09:50:21.094 INFO  [ OrderService#orderBooks ] [ OrderService#orderBooks ] customerId=1, deliveryAddress=東京都渋谷区神南1-1-1
2025-12-21 09:50:21.115 INFO  [ CartSession#addItem ] [ CartSession#addItem ] bookId=1, count=2
2025-12-21 09:50:21.116 INFO  [ CartSession#addItem ] [ CartSession#addItem ] Added new item
2025-12-21 09:50:21.118 INFO  [ CartSession#calculateTotalPrice ] [ CartSession#calculateTotalPrice ] totalPrice=6800
2025-12-21 09:50:21.118 INFO  [ CartSession#addItem ] [ CartSession#addItem ] bookId=2, count=1
2025-12-21 09:50:21.119 INFO  [ CartSession#addItem ] [ CartSession#addItem ] Added new item
2025-12-21 09:50:21.119 INFO  [ CartSession#calculateTotalPrice ] [ CartSession#calculateTotalPrice ] totalPrice=11000
2025-12-21 09:50:21.120 INFO  [ CartSession#clear ] [ CartSession#clear ]
2025-12-21 09:50:21.123 INFO  [ CartSession#addItem ] [ CartSession#addItem ] bookId=1, count=1
2025-12-21 09:50:21.123 INFO  [ CartSession#addItem ] [ CartSession#addItem ] Added new item
2025-12-21 09:50:21.124 INFO  [ CartSession#calculateTotalPrice ] [ CartSession#calculateTotalPrice ] totalPrice=3400
2025-12-21 09:50:21.127 INFO  [ CartSession#addItem ] [ CartSession#addItem ] bookId=1, count=2
2025-12-21 09:50:21.128 INFO  [ CartSession#addItem ] [ CartSession#addItem ] Added new item
2025-12-21 09:50:21.129 INFO  [ CartSession#calculateTotalPrice ] [ CartSession#calculateTotalPrice ] totalPrice=6800
2025-12-21 09:50:21.129 INFO  [ CartSession#addItem ] [ CartSession#addItem ] bookId=2, count=1
2025-12-21 09:50:21.130 INFO  [ CartSession#addItem ] [ CartSession#addItem ] Added new item
2025-12-21 09:50:21.130 INFO  [ CartSession#calculateTotalPrice ] [ CartSession#calculateTotalPrice ] totalPrice=11000
2025-12-21 09:50:21.131 INFO  [ CartSession#removeItem ] [ CartSession#removeItem ] bookId=1
2025-12-21 09:50:21.133 INFO  [ CartSession#calculateTotalPrice ] [ CartSession#calculateTotalPrice ] totalPrice=4200
2025-12-21 09:50:21.139 INFO  [ CartSession#addItem ] [ CartSession#addItem ] bookId=1, count=2
2025-12-21 09:50:21.140 INFO  [ CartSession#addItem ] [ CartSession#addItem ] Added new item
2025-12-21 09:50:21.141 INFO  [ CartSession#calculateTotalPrice ] [ CartSession#calculateTotalPrice ] totalPrice=6800
2025-12-21 09:50:21.148 INFO  [ CartSession#addItem ] [ CartSession#addItem ] bookId=1, count=2
2025-12-21 09:50:21.150 INFO  [ CartSession#addItem ] [ CartSession#addItem ] Added new item
2025-12-21 09:50:21.151 INFO  [ CartSession#calculateTotalPrice ] [ CartSession#calculateTotalPrice ] totalPrice=6800
2025-12-21 09:50:21.152 INFO  [ CartSession#removeItem ] [ CartSession#removeItem ] bookId=999
2025-12-21 09:50:21.153 INFO  [ CartSession#calculateTotalPrice ] [ CartSession#calculateTotalPrice ] totalPrice=6800
2025-12-21 09:50:21.158 INFO  [ CartSession#addItem ] [ CartSession#addItem ] bookId=1, count=2
2025-12-21 09:50:21.159 INFO  [ CartSession#addItem ] [ CartSession#addItem ] Added new item
2025-12-21 09:50:21.159 INFO  [ CartSession#calculateTotalPrice ] [ CartSession#calculateTotalPrice ] totalPrice=6800
2025-12-21 09:50:21.160 INFO  [ CartSession#addItem ] [ CartSession#addItem ] bookId=2, count=1
2025-12-21 09:50:21.160 INFO  [ CartSession#addItem ] [ CartSession#addItem ] Added new item
2025-12-21 09:50:21.161 INFO  [ CartSession#calculateTotalPrice ] [ CartSession#calculateTotalPrice ] totalPrice=11000
2025-12-21 09:50:21.162 INFO  [ CartSession#addItem ] [ CartSession#addItem ] bookId=3, count=1
2025-12-21 09:50:21.162 INFO  [ CartSession#addItem ] [ CartSession#addItem ] Added new item
2025-12-21 09:50:21.163 INFO  [ CartSession#calculateTotalPrice ] [ CartSession#calculateTotalPrice ] totalPrice=13800
2025-12-21 09:50:21.164 INFO  [ CartSession#removeItem ] [ CartSession#removeItem ] bookId=1
2025-12-21 09:50:21.164 INFO  [ CartSession#calculateTotalPrice ] [ CartSession#calculateTotalPrice ] totalPrice=7000
2025-12-21 09:50:21.165 INFO  [ CartSession#removeItem ] [ CartSession#removeItem ] bookId=3
2025-12-21 09:50:21.165 INFO  [ CartSession#calculateTotalPrice ] [ CartSession#calculateTotalPrice ] totalPrice=4200
2025-12-21 09:50:21.170 INFO  [ CartSession#addItem ] [ CartSession#addItem ] bookId=1, count=2
2025-12-21 09:50:21.171 INFO  [ CartSession#addItem ] [ CartSession#addItem ] Added new item
2025-12-21 09:50:21.172 INFO  [ CartSession#calculateTotalPrice ] [ CartSession#calculateTotalPrice ] totalPrice=6800
2025-12-21 09:50:21.172 INFO  [ CartSession#addItem ] [ CartSession#addItem ] bookId=1, count=3
2025-12-21 09:50:21.173 INFO  [ CartSession#addItem ] [ CartSession#addItem ] Updated existing item, new count=5
2025-12-21 09:50:21.174 INFO  [ CartSession#calculateTotalPrice ] [ CartSession#calculateTotalPrice ] totalPrice=17000
2025-12-21 09:50:21.178 INFO  [ CartSession#addItem ] [ CartSession#addItem ] bookId=1, count=2
2025-12-21 09:50:21.179 INFO  [ CartSession#addItem ] [ CartSession#addItem ] Added new item
2025-12-21 09:50:21.180 INFO  [ CartSession#calculateTotalPrice ] [ CartSession#calculateTotalPrice ] totalPrice=6800
2025-12-21 09:50:21.180 INFO  [ CartSession#addItem ] [ CartSession#addItem ] bookId=2, count=3
2025-12-21 09:50:21.181 INFO  [ CartSession#addItem ] [ CartSession#addItem ] Added new item
2025-12-21 09:50:21.182 INFO  [ CartSession#calculateTotalPrice ] [ CartSession#calculateTotalPrice ] totalPrice=19400
2025-12-21 09:50:21.182 INFO  [ CartSession#addItem ] [ CartSession#addItem ] bookId=3, count=1
2025-12-21 09:50:21.183 INFO  [ CartSession#addItem ] [ CartSession#addItem ] Added new item
2025-12-21 09:50:21.184 INFO  [ CartSession#calculateTotalPrice ] [ CartSession#calculateTotalPrice ] totalPrice=22200
2025-12-21 09:50:21.190 INFO  [ CartSession#addItem ] [ CartSession#addItem ] bookId=1, count=1
2025-12-21 09:50:21.191 INFO  [ CartSession#addItem ] [ CartSession#addItem ] Added new item
2025-12-21 09:50:21.192 INFO  [ CartSession#calculateTotalPrice ] [ CartSession#calculateTotalPrice ] totalPrice=3400
2025-12-21 09:50:21.192 WARN  [ CartSession#removeItem ] [ CartSession#removeItem ] bookId is null
2025-12-21 09:50:21.196 WARN  [ CartSession#addItem ] [ CartSession#addItem ] item is null
2025-12-21 09:51:58.898 INFO  [ CartSession#clear ] [ CartSession#clear ]
2025-12-21 09:51:58.920 INFO  [ BookService#searchBook ] [ BookService#searchBook ] categoryId=1, keyword=null
2025-12-21 09:51:58.950 INFO  [ CartSession#clear ] [ CartSession#clear ]
2025-12-21 09:51:58.968 INFO  [ CartSession#clear ] [ CartSession#clear ]
2025-12-21 09:51:58.993 INFO  [ CartSession#clear ] [ CartSession#clear ]
2025-12-21 09:51:58.994 INFO  [ BookService#searchBook ] [ BookService#searchBook ] categoryId=1, keyword=null
2025-12-21 09:51:59.002 INFO  [ CartSession#clear ] [ CartSession#clear ]
2025-12-21 09:51:59.004 INFO  [ BookService#searchBook ] [ BookService#searchBook ] categoryId=1, keyword=null
2025-12-21 09:51:59.012 INFO  [ CartSession#clear ] [ CartSession#clear ]
2025-12-21 09:51:59.013 INFO  [ BookService#searchBook ] [ BookService#searchBook ] categoryId=1, keyword=null
2025-12-21 09:52:02.252 INFO  [ OrderService#getOrderDetail ] [ OrderService#getOrderDetail ] orderTranId=1
2025-12-21 09:52:02.489 INFO  [ OrderService#orderBooks ] [ OrderService#orderBooks ] customerId=1, deliveryAddress=東京都渋谷区神南1-1-1
2025-12-21 09:52:02.492 WARN  [ OrderService#orderBooks ] Stock not found for bookId=1
2025-12-21 09:52:02.611 INFO  [ OrderService#orderBooks ] [ OrderService#orderBooks ] customerId=1, deliveryAddress=東京都渋谷区神南1-1-1
2025-12-21 09:52:02.657 INFO  [ OrderService#getOrderHistory ] [ OrderService#getOrderHistory ] customerId=999
2025-12-21 09:52:02.691 INFO  [ OrderService#orderBooks ] [ OrderService#orderBooks ] customerId=1, deliveryAddress=東京都渋谷区神南1-1-1
2025-12-21 09:52:02.693 WARN  [ OrderService#orderBooks ] Out of stock: bookId=1, bookName=Java SE ディープダイブ, stock=1, ordered=2
2025-12-21 09:52:02.726 INFO  [ OrderService#getOrderHistory ] [ OrderService#getOrderHistory ] customerId=1
2025-12-21 09:52:02.742 INFO  [ OrderService#getOrderDetail ] [ OrderService#getOrderDetail ] orderTranId=999
2025-12-21 09:52:02.744 WARN  [ OrderService#getOrderDetail ] OrderTran not found: orderTranId=999
2025-12-21 09:52:02.787 INFO  [ OrderService#orderBooks ] [ OrderService#orderBooks ] customerId=1, deliveryAddress=東京都渋谷区神南1-1-1
2025-12-21 09:52:02.796 INFO  [ OrderService#orderBooks ] [ OrderService#orderBooks ] Order completed: orderTranId=1, totalPrice=9800
2025-12-21 09:52:04.110 INFO  [ BookService#searchBook ] [ BookService#searchBook ] categoryId=null, keyword=Java
2025-12-21 09:52:04.119 INFO  [ BookService#searchBook ] [ BookService#searchBook ] categoryId=null, keyword=   
2025-12-21 09:52:04.129 INFO  [ BookService#findBookById ] [ BookService#findBookById ] bookId=1
2025-12-21 09:52:04.139 INFO  [ BookService#searchBook ] [ BookService#searchBook ] categoryId=null, keyword=null
2025-12-21 09:52:04.148 INFO  [ BookService#searchBook ] [ BookService#searchBook ] categoryId=1, keyword=null
2025-12-21 09:52:04.157 INFO  [ BookService#searchBook ] [ BookService#searchBook ] categoryId=1, keyword=Java
2025-12-21 09:52:04.168 INFO  [ BookService#findBookById ] [ BookService#findBookById ] bookId=999
2025-12-21 09:52:04.179 INFO  [ BookService#searchBook ] [ BookService#searchBook ] categoryId=null, keyword=存在しない書籍
2025-12-21 09:52:04.297 INFO  [ CustomerService#findByEmail ] [ CustomerService#findByEmail ] email=notfound@gmail.com
2025-12-21 09:52:04.298 INFO  [ CustomerService#findByEmail ] [ CustomerService#findByEmail ] Customer not found: email=notfound@gmail.com
2025-12-21 09:52:04.306 INFO  [ CustomerService#authenticate ] [ CustomerService#authenticate ] email=alice@gmail.com
2025-12-21 09:52:04.307 INFO  [ CustomerService#authenticate ] [ CustomerService#authenticate ] Password mismatch: email=alice@gmail.com
2025-12-21 09:52:04.316 INFO  [ CustomerService#findByEmail ] [ CustomerService#findByEmail ] email=alice@gmail.com
2025-12-21 09:52:04.317 INFO  [ CustomerService#findByEmail ] [ CustomerService#findByEmail ] Customer found: customerId=1
2025-12-21 09:52:04.325 INFO  [ CustomerService#authenticate ] [ CustomerService#authenticate ] email=alice@gmail.com
2025-12-21 09:52:04.326 INFO  [ CustomerService#authenticate ] [ CustomerService#authenticate ] Authentication successful: customerId=1
2025-12-21 09:52:04.335 INFO  [ CustomerService#register ] [ CustomerService#register ] email=alice@gmail.com
2025-12-21 09:52:04.336 INFO  [ CustomerService#register ] [ CustomerService#register ] Customer registered successfully: customerId=1
2025-12-21 09:52:04.346 INFO  [ CustomerService#authenticate ] [ CustomerService#authenticate ] email=notfound@gmail.com
2025-12-21 09:52:04.347 INFO  [ CustomerService#authenticate ] [ CustomerService#authenticate ] Customer not found: email=notfound@gmail.com
2025-12-21 09:52:04.357 INFO  [ CustomerService#register ] [ CustomerService#register ] email=alice@gmail.com
2025-12-21 09:52:04.370 INFO  [ DeliveryFeeService#calculateDeliveryFee ] [ DeliveryFeeService#calculateDeliveryFee ] address=東京都渋谷区神南1-1-1, totalPrice=5000
2025-12-21 09:52:04.371 INFO  [ DeliveryFeeService#calculateDeliveryFee ] [ DeliveryFeeService ] 送料無料（購入金額5000円 >= 5000円）
2025-12-21 09:52:04.375 INFO  [ DeliveryFeeService#calculateDeliveryFee ] [ DeliveryFeeService#calculateDeliveryFee ] address=福岡県福岡市博多区博多駅1-1, totalPrice=10000
2025-12-21 09:52:04.376 INFO  [ DeliveryFeeService#calculateDeliveryFee ] [ DeliveryFeeService ] 送料無料（購入金額10000円 >= 5000円）
2025-12-21 09:52:04.380 INFO  [ DeliveryFeeService#calculateDeliveryFee ] [ DeliveryFeeService#calculateDeliveryFee ] address=大阪府大阪市北区梅田1-1-1, totalPrice=5001
2025-12-21 09:52:04.381 INFO  [ DeliveryFeeService#calculateDeliveryFee ] [ DeliveryFeeService ] 送料無料（購入金額5001円 >= 5000円）
2025-12-21 09:52:04.395 INFO  [ DeliveryFeeService#calculateDeliveryFee ] [ DeliveryFeeService#calculateDeliveryFee ] address=沖縄県那覇市おもろまち1-1-1, totalPrice=3000
2025-12-21 09:52:04.398 INFO  [ DeliveryFeeService#calculateDeliveryFee ] [ DeliveryFeeService ] 沖縄県への配送料金: 1700
2025-12-21 09:52:04.415 INFO  [ DeliveryFeeService#calculateDeliveryFee ] [ DeliveryFeeService#calculateDeliveryFee ] address=沖縄県那覇市おもろまち1-1-1, totalPrice=5000
2025-12-21 09:52:04.416 INFO  [ DeliveryFeeService#calculateDeliveryFee ] [ DeliveryFeeService ] 送料無料（購入金額5000円 >= 5000円）
2025-12-21 09:52:04.421 INFO  [ DeliveryFeeService#calculateDeliveryFee ] [ DeliveryFeeService#calculateDeliveryFee ] address=東京都渋谷区神南1-1-1, totalPrice=4999
2025-12-21 09:52:04.422 INFO  [ DeliveryFeeService#calculateDeliveryFee ] [ DeliveryFeeService ] 通常配送料金: 800
2025-12-21 09:52:04.427 INFO  [ DeliveryFeeService#calculateDeliveryFee ] [ DeliveryFeeService#calculateDeliveryFee ] address=北海道札幌市中央区北1条西1丁目, totalPrice=100
2025-12-21 09:52:04.429 INFO  [ DeliveryFeeService#calculateDeliveryFee ] [ DeliveryFeeService ] 通常配送料金: 800
2025-12-21 09:52:04.433 INFO  [ DeliveryFeeService#calculateDeliveryFee ] [ DeliveryFeeService#calculateDeliveryFee ] address=沖縄県石垣市登野城1-1, totalPrice=4999
2025-12-21 09:52:04.438 INFO  [ DeliveryFeeService#calculateDeliveryFee ] [ DeliveryFeeService ] 沖縄県への配送料金: 1700
2025-12-21 09:52:04.450 INFO  [ DeliveryFeeService#calculateDeliveryFee ] [ DeliveryFeeService#calculateDeliveryFee ] address=神奈川県横浜市西区みなとみらい1-1-1, totalPrice=1000
2025-12-21 09:52:04.453 INFO  [ DeliveryFeeService#calculateDeliveryFee ] [ DeliveryFeeService ] 通常配送料金: 800
2025-12-21 09:52:04.480 INFO  [ CartSession#addItem ] [ CartSession#addItem ] bookId=1, count=2
2025-12-21 09:52:04.484 INFO  [ CartSession#addItem ] [ CartSession#addItem ] Added new item
2025-12-21 09:52:04.487 INFO  [ CartSession#calculateTotalPrice ] [ CartSession#calculateTotalPrice ] totalPrice=6800
2025-12-21 09:52:04.488 INFO  [ CartSession#addItem ] [ CartSession#addItem ] bookId=2, count=1
2025-12-21 09:52:04.488 INFO  [ CartSession#addItem ] [ CartSession#addItem ] Added new item
2025-12-21 09:52:04.489 INFO  [ CartSession#calculateTotalPrice ] [ CartSession#calculateTotalPrice ] totalPrice=11000
2025-12-21 09:52:04.489 INFO  [ CartSession#clear ] [ CartSession#clear ]
2025-12-21 09:52:04.501 INFO  [ CartSession#addItem ] [ CartSession#addItem ] bookId=1, count=1
2025-12-21 09:52:04.502 INFO  [ CartSession#addItem ] [ CartSession#addItem ] Added new item
2025-12-21 09:52:04.503 INFO  [ CartSession#calculateTotalPrice ] [ CartSession#calculateTotalPrice ] totalPrice=3400
2025-12-21 09:52:04.513 INFO  [ CartSession#addItem ] [ CartSession#addItem ] bookId=1, count=2
2025-12-21 09:52:04.514 INFO  [ CartSession#addItem ] [ CartSession#addItem ] Added new item
2025-12-21 09:52:04.515 INFO  [ CartSession#calculateTotalPrice ] [ CartSession#calculateTotalPrice ] totalPrice=6800
2025-12-21 09:52:04.516 INFO  [ CartSession#addItem ] [ CartSession#addItem ] bookId=2, count=1
2025-12-21 09:52:04.517 INFO  [ CartSession#addItem ] [ CartSession#addItem ] Added new item
2025-12-21 09:52:04.518 INFO  [ CartSession#calculateTotalPrice ] [ CartSession#calculateTotalPrice ] totalPrice=11000
2025-12-21 09:52:04.519 INFO  [ CartSession#removeItem ] [ CartSession#removeItem ] bookId=1
2025-12-21 09:52:04.521 INFO  [ CartSession#calculateTotalPrice ] [ CartSession#calculateTotalPrice ] totalPrice=4200
2025-12-21 09:52:04.533 INFO  [ CartSession#addItem ] [ CartSession#addItem ] bookId=1, count=2
2025-12-21 09:52:04.535 INFO  [ CartSession#addItem ] [ CartSession#addItem ] Added new item
2025-12-21 09:52:04.536 INFO  [ CartSession#calculateTotalPrice ] [ CartSession#calculateTotalPrice ] totalPrice=6800
2025-12-21 09:52:04.544 INFO  [ CartSession#addItem ] [ CartSession#addItem ] bookId=1, count=2
2025-12-21 09:52:04.551 INFO  [ CartSession#addItem ] [ CartSession#addItem ] Added new item
2025-12-21 09:52:04.552 INFO  [ CartSession#calculateTotalPrice ] [ CartSession#calculateTotalPrice ] totalPrice=6800
2025-12-21 09:52:04.553 INFO  [ CartSession#removeItem ] [ CartSession#removeItem ] bookId=999
2025-12-21 09:52:04.554 INFO  [ CartSession#calculateTotalPrice ] [ CartSession#calculateTotalPrice ] totalPrice=6800
2025-12-21 09:52:04.560 INFO  [ CartSession#addItem ] [ CartSession#addItem ] bookId=1, count=2
2025-12-21 09:52:04.561 INFO  [ CartSession#addItem ] [ CartSession#addItem ] Added new item
2025-12-21 09:52:04.562 INFO  [ CartSession#calculateTotalPrice ] [ CartSession#calculateTotalPrice ] totalPrice=6800
2025-12-21 09:52:04.563 INFO  [ CartSession#addItem ] [ CartSession#addItem ] bookId=2, count=1
2025-12-21 09:52:04.564 INFO  [ CartSession#addItem ] [ CartSession#addItem ] Added new item
2025-12-21 09:52:04.565 INFO  [ CartSession#calculateTotalPrice ] [ CartSession#calculateTotalPrice ] totalPrice=11000
2025-12-21 09:52:04.569 INFO  [ CartSession#addItem ] [ CartSession#addItem ] bookId=3, count=1
2025-12-21 09:52:04.571 INFO  [ CartSession#addItem ] [ CartSession#addItem ] Added new item
2025-12-21 09:52:04.572 INFO  [ CartSession#calculateTotalPrice ] [ CartSession#calculateTotalPrice ] totalPrice=13800
2025-12-21 09:52:04.574 INFO  [ CartSession#removeItem ] [ CartSession#removeItem ] bookId=1
2025-12-21 09:52:04.575 INFO  [ CartSession#calculateTotalPrice ] [ CartSession#calculateTotalPrice ] totalPrice=7000
2025-12-21 09:52:04.576 INFO  [ CartSession#removeItem ] [ CartSession#removeItem ] bookId=3
2025-12-21 09:52:04.576 INFO  [ CartSession#calculateTotalPrice ] [ CartSession#calculateTotalPrice ] totalPrice=4200
2025-12-21 09:52:04.580 INFO  [ CartSession#addItem ] [ CartSession#addItem ] bookId=1, count=2
2025-12-21 09:52:04.581 INFO  [ CartSession#addItem ] [ CartSession#addItem ] Added new item
2025-12-21 09:52:04.581 INFO  [ CartSession#calculateTotalPrice ] [ CartSession#calculateTotalPrice ] totalPrice=6800
2025-12-21 09:52:04.582 INFO  [ CartSession#addItem ] [ CartSession#addItem ] bookId=1, count=3
2025-12-21 09:52:04.582 INFO  [ CartSession#addItem ] [ CartSession#addItem ] Updated existing item, new count=5
2025-12-21 09:52:04.583 INFO  [ CartSession#calculateTotalPrice ] [ CartSession#calculateTotalPrice ] totalPrice=17000
2025-12-21 09:52:04.588 INFO  [ CartSession#addItem ] [ CartSession#addItem ] bookId=1, count=2
2025-12-21 09:52:04.588 INFO  [ CartSession#addItem ] [ CartSession#addItem ] Added new item
2025-12-21 09:52:04.589 INFO  [ CartSession#calculateTotalPrice ] [ CartSession#calculateTotalPrice ] totalPrice=6800
2025-12-21 09:52:04.590 INFO  [ CartSession#addItem ] [ CartSession#addItem ] bookId=2, count=3
2025-12-21 09:52:04.591 INFO  [ CartSession#addItem ] [ CartSession#addItem ] Added new item
2025-12-21 09:52:04.591 INFO  [ CartSession#calculateTotalPrice ] [ CartSession#calculateTotalPrice ] totalPrice=19400
2025-12-21 09:52:04.592 INFO  [ CartSession#addItem ] [ CartSession#addItem ] bookId=3, count=1
2025-12-21 09:52:04.592 INFO  [ CartSession#addItem ] [ CartSession#addItem ] Added new item
2025-12-21 09:52:04.593 INFO  [ CartSession#calculateTotalPrice ] [ CartSession#calculateTotalPrice ] totalPrice=22200
2025-12-21 09:52:04.604 INFO  [ CartSession#addItem ] [ CartSession#addItem ] bookId=1, count=1
2025-12-21 09:52:04.605 INFO  [ CartSession#addItem ] [ CartSession#addItem ] Added new item
2025-12-21 09:52:04.606 INFO  [ CartSession#calculateTotalPrice ] [ CartSession#calculateTotalPrice ] totalPrice=3400
2025-12-21 09:52:04.607 WARN  [ CartSession#removeItem ] [ CartSession#removeItem ] bookId is null
2025-12-21 09:52:04.615 WARN  [ CartSession#addItem ] [ CartSession#addItem ] item is null
2025-12-21 09:56:51.497 INFO  [ CartSession#clear ] [ CartSession#clear ]
2025-12-21 09:56:51.641 INFO  [ BookService#searchBook ] [ BookService#searchBook ] categoryId=1, keyword=null
2025-12-21 09:56:51.665 INFO  [ CartSession#addItem ] [ CartSession#addItem ] bookId=1, count=1
2025-12-21 09:56:51.666 INFO  [ CartSession#addItem ] [ CartSession#addItem ] Added new item
2025-12-21 09:56:51.669 INFO  [ CartSession#calculateTotalPrice ] [ CartSession#calculateTotalPrice ] totalPrice=3000
2025-12-21 09:56:51.670 INFO  [ CartSession#calculateTotalPrice ] [ CartSession#calculateTotalPrice ] totalPrice=3000
2025-12-21 09:56:51.678 INFO  [ CartSession#clear ] [ CartSession#clear ]
2025-12-21 09:56:51.783 INFO  [ CartSession#clear ] [ CartSession#clear ]
2025-12-21 09:56:51.824 INFO  [ CartSession#clear ] [ CartSession#clear ]
2025-12-21 09:56:51.885 INFO  [ CartSession#clear ] [ CartSession#clear ]
2025-12-21 09:56:51.889 INFO  [ BookService#searchBook ] [ BookService#searchBook ] categoryId=1, keyword=null
2025-12-21 09:56:51.891 INFO  [ CartSession#addItem ] [ CartSession#addItem ] bookId=1, count=1
2025-12-21 09:56:51.892 INFO  [ CartSession#addItem ] [ CartSession#addItem ] Added new item
2025-12-21 09:56:51.893 INFO  [ CartSession#calculateTotalPrice ] [ CartSession#calculateTotalPrice ] totalPrice=3000
2025-12-21 09:56:51.894 INFO  [ CartSession#calculateTotalPrice ] [ CartSession#calculateTotalPrice ] totalPrice=3000
2025-12-21 09:56:51.906 INFO  [ CartSession#clear ] [ CartSession#clear ]
2025-12-21 09:56:51.908 INFO  [ BookService#searchBook ] [ BookService#searchBook ] categoryId=1, keyword=null
2025-12-21 09:56:51.910 INFO  [ CartSession#addItem ] [ CartSession#addItem ] bookId=1, count=1
2025-12-21 09:56:51.910 INFO  [ CartSession#addItem ] [ CartSession#addItem ] Added new item
2025-12-21 09:56:51.911 INFO  [ CartSession#calculateTotalPrice ] [ CartSession#calculateTotalPrice ] totalPrice=3000
2025-12-21 09:56:51.912 INFO  [ CartSession#addItem ] [ CartSession#addItem ] bookId=2, count=2
2025-12-21 09:56:51.914 INFO  [ CartSession#addItem ] [ CartSession#addItem ] Added new item
2025-12-21 09:56:51.915 INFO  [ CartSession#calculateTotalPrice ] [ CartSession#calculateTotalPrice ] totalPrice=11000
2025-12-21 09:56:51.916 INFO  [ CartSession#calculateTotalPrice ] [ CartSession#calculateTotalPrice ] totalPrice=11000
2025-12-21 09:56:51.927 INFO  [ CartSession#clear ] [ CartSession#clear ]
2025-12-21 09:56:51.929 INFO  [ BookService#searchBook ] [ BookService#searchBook ] categoryId=1, keyword=null
2025-12-21 09:56:51.930 INFO  [ CartSession#addItem ] [ CartSession#addItem ] bookId=1, count=1
2025-12-21 09:56:51.930 INFO  [ CartSession#addItem ] [ CartSession#addItem ] Added new item
2025-12-21 09:56:51.931 INFO  [ CartSession#calculateTotalPrice ] [ CartSession#calculateTotalPrice ] totalPrice=3000
2025-12-21 09:56:51.932 INFO  [ CartSession#addItem ] [ CartSession#addItem ] bookId=2, count=1
2025-12-21 09:56:51.932 INFO  [ CartSession#addItem ] [ CartSession#addItem ] Added new item
2025-12-21 09:56:51.933 INFO  [ CartSession#calculateTotalPrice ] [ CartSession#calculateTotalPrice ] totalPrice=7000
2025-12-21 09:56:51.933 INFO  [ CartSession#removeItem ] [ CartSession#removeItem ] bookId=1
2025-12-21 09:56:51.935 INFO  [ CartSession#calculateTotalPrice ] [ CartSession#calculateTotalPrice ] totalPrice=4000
2025-12-21 09:56:51.937 INFO  [ CartSession#calculateTotalPrice ] [ CartSession#calculateTotalPrice ] totalPrice=4000
2025-12-21 09:56:53.440 INFO  [ BookService#searchBook ] [ BookService#searchBook ] categoryId=null, keyword=Java
2025-12-21 09:56:53.449 INFO  [ BookService#searchBook ] [ BookService#searchBook ] categoryId=null, keyword=   
2025-12-21 09:56:53.456 INFO  [ BookService#findBookById ] [ BookService#findBookById ] bookId=1
2025-12-21 09:56:53.465 INFO  [ BookService#searchBook ] [ BookService#searchBook ] categoryId=null, keyword=null
2025-12-21 09:56:53.474 INFO  [ BookService#searchBook ] [ BookService#searchBook ] categoryId=1, keyword=null
2025-12-21 09:56:53.483 INFO  [ BookService#searchBook ] [ BookService#searchBook ] categoryId=1, keyword=Java
2025-12-21 09:56:53.491 INFO  [ BookService#findBookById ] [ BookService#findBookById ] bookId=999
2025-12-21 09:56:53.503 INFO  [ BookService#searchBook ] [ BookService#searchBook ] categoryId=null, keyword=存在しない書籍
2025-12-21 09:56:53.735 INFO  [ CustomerService#findByEmail ] [ CustomerService#findByEmail ] email=notfound@gmail.com
2025-12-21 09:56:53.737 INFO  [ CustomerService#findByEmail ] [ CustomerService#findByEmail ] Customer not found: email=notfound@gmail.com
2025-12-21 09:56:53.746 INFO  [ CustomerService#authenticate ] [ CustomerService#authenticate ] email=alice@gmail.com
2025-12-21 09:56:53.747 INFO  [ CustomerService#authenticate ] [ CustomerService#authenticate ] Password mismatch: email=alice@gmail.com
2025-12-21 09:56:53.755 INFO  [ CustomerService#findByEmail ] [ CustomerService#findByEmail ] email=alice@gmail.com
2025-12-21 09:56:53.756 INFO  [ CustomerService#findByEmail ] [ CustomerService#findByEmail ] Customer found: customerId=1
2025-12-21 09:56:53.766 INFO  [ CustomerService#authenticate ] [ CustomerService#authenticate ] email=alice@gmail.com
2025-12-21 09:56:53.767 INFO  [ CustomerService#authenticate ] [ CustomerService#authenticate ] Authentication successful: customerId=1
2025-12-21 09:56:53.775 INFO  [ CustomerService#register ] [ CustomerService#register ] email=alice@gmail.com
2025-12-21 09:56:53.776 INFO  [ CustomerService#register ] [ CustomerService#register ] Customer registered successfully: customerId=1
2025-12-21 09:56:53.783 INFO  [ CustomerService#authenticate ] [ CustomerService#authenticate ] email=notfound@gmail.com
2025-12-21 09:56:53.785 INFO  [ CustomerService#authenticate ] [ CustomerService#authenticate ] Customer not found: email=notfound@gmail.com
2025-12-21 09:56:53.803 INFO  [ CustomerService#register ] [ CustomerService#register ] email=alice@gmail.com
2025-12-21 09:56:53.819 INFO  [ DeliveryFeeService#calculateDeliveryFee ] [ DeliveryFeeService#calculateDeliveryFee ] address=東京都渋谷区神南1-1-1, totalPrice=5000
2025-12-21 09:56:53.821 INFO  [ DeliveryFeeService#calculateDeliveryFee ] [ DeliveryFeeService ] 送料無料（購入金額5000円 >= 5000円）
2025-12-21 09:56:53.827 INFO  [ DeliveryFeeService#calculateDeliveryFee ] [ DeliveryFeeService#calculateDeliveryFee ] address=福岡県福岡市博多区博多駅1-1, totalPrice=10000
2025-12-21 09:56:53.828 INFO  [ DeliveryFeeService#calculateDeliveryFee ] [ DeliveryFeeService ] 送料無料（購入金額10000円 >= 5000円）
2025-12-21 09:56:53.832 INFO  [ DeliveryFeeService#calculateDeliveryFee ] [ DeliveryFeeService#calculateDeliveryFee ] address=大阪府大阪市北区梅田1-1-1, totalPrice=5001
2025-12-21 09:56:53.833 INFO  [ DeliveryFeeService#calculateDeliveryFee ] [ DeliveryFeeService ] 送料無料（購入金額5001円 >= 5000円）
2025-12-21 09:56:53.843 INFO  [ DeliveryFeeService#calculateDeliveryFee ] [ DeliveryFeeService#calculateDeliveryFee ] address=沖縄県那覇市おもろまち1-1-1, totalPrice=3000
2025-12-21 09:56:53.904 INFO  [ DeliveryFeeService#calculateDeliveryFee ] [ DeliveryFeeService ] 沖縄県への配送料金: 1700
2025-12-21 09:56:53.919 INFO  [ DeliveryFeeService#calculateDeliveryFee ] [ DeliveryFeeService#calculateDeliveryFee ] address=沖縄県那覇市おもろまち1-1-1, totalPrice=5000
2025-12-21 09:56:53.921 INFO  [ DeliveryFeeService#calculateDeliveryFee ] [ DeliveryFeeService ] 送料無料（購入金額5000円 >= 5000円）
2025-12-21 09:56:53.925 INFO  [ DeliveryFeeService#calculateDeliveryFee ] [ DeliveryFeeService#calculateDeliveryFee ] address=東京都渋谷区神南1-1-1, totalPrice=4999
2025-12-21 09:56:53.926 INFO  [ DeliveryFeeService#calculateDeliveryFee ] [ DeliveryFeeService ] 通常配送料金: 800
2025-12-21 09:56:53.930 INFO  [ DeliveryFeeService#calculateDeliveryFee ] [ DeliveryFeeService#calculateDeliveryFee ] address=北海道札幌市中央区北1条西1丁目, totalPrice=100
2025-12-21 09:56:53.931 INFO  [ DeliveryFeeService#calculateDeliveryFee ] [ DeliveryFeeService ] 通常配送料金: 800
2025-12-21 09:56:53.935 INFO  [ DeliveryFeeService#calculateDeliveryFee ] [ DeliveryFeeService#calculateDeliveryFee ] address=沖縄県石垣市登野城1-1, totalPrice=4999
2025-12-21 09:56:53.936 INFO  [ DeliveryFeeService#calculateDeliveryFee ] [ DeliveryFeeService ] 沖縄県への配送料金: 1700
2025-12-21 09:56:53.943 INFO  [ DeliveryFeeService#calculateDeliveryFee ] [ DeliveryFeeService#calculateDeliveryFee ] address=神奈川県横浜市西区みなとみらい1-1-1, totalPrice=1000
2025-12-21 09:56:53.943 INFO  [ DeliveryFeeService#calculateDeliveryFee ] [ DeliveryFeeService ] 通常配送料金: 800
2025-12-21 09:56:54.116 INFO  [ OrderService#getOrderDetail ] [ OrderService#getOrderDetail ] orderTranId=1
2025-12-21 09:56:54.138 INFO  [ OrderService#orderBooks ] [ OrderService#orderBooks ] customerId=1, deliveryAddress=東京都渋谷区神南1-1-1
2025-12-21 09:56:54.139 WARN  [ OrderService#orderBooks ] Stock not found for bookId=1
2025-12-21 09:56:54.156 INFO  [ OrderService#orderBooks ] [ OrderService#orderBooks ] customerId=1, deliveryAddress=東京都渋谷区神南1-1-1
2025-12-21 09:56:54.167 INFO  [ OrderService#getOrderHistory ] [ OrderService#getOrderHistory ] customerId=999
2025-12-21 09:56:54.180 INFO  [ OrderService#orderBooks ] [ OrderService#orderBooks ] customerId=1, deliveryAddress=東京都渋谷区神南1-1-1
2025-12-21 09:56:54.181 WARN  [ OrderService#orderBooks ] Out of stock: bookId=1, bookName=Java SE ディープダイブ, stock=1, ordered=2
2025-12-21 09:56:54.197 INFO  [ OrderService#getOrderHistory ] [ OrderService#getOrderHistory ] customerId=1
2025-12-21 09:56:54.208 INFO  [ OrderService#getOrderDetail ] [ OrderService#getOrderDetail ] orderTranId=999
2025-12-21 09:56:54.209 WARN  [ OrderService#getOrderDetail ] OrderTran not found: orderTranId=999
2025-12-21 09:56:54.226 INFO  [ OrderService#orderBooks ] [ OrderService#orderBooks ] customerId=1, deliveryAddress=東京都渋谷区神南1-1-1
2025-12-21 09:56:54.232 INFO  [ OrderService#orderBooks ] [ OrderService#orderBooks ] Order completed: orderTranId=1, totalPrice=9800
2025-12-21 09:56:54.245 INFO  [ CartSession#addItem ] [ CartSession#addItem ] bookId=1, count=2
2025-12-21 09:56:54.247 INFO  [ CartSession#addItem ] [ CartSession#addItem ] Added new item
2025-12-21 09:56:54.248 INFO  [ CartSession#calculateTotalPrice ] [ CartSession#calculateTotalPrice ] totalPrice=6800
2025-12-21 09:56:54.249 INFO  [ CartSession#addItem ] [ CartSession#addItem ] bookId=2, count=1
2025-12-21 09:56:54.249 INFO  [ CartSession#addItem ] [ CartSession#addItem ] Added new item
2025-12-21 09:56:54.250 INFO  [ CartSession#calculateTotalPrice ] [ CartSession#calculateTotalPrice ] totalPrice=11000
2025-12-21 09:56:54.250 INFO  [ CartSession#clear ] [ CartSession#clear ]
2025-12-21 09:56:54.261 INFO  [ CartSession#addItem ] [ CartSession#addItem ] bookId=1, count=1
2025-12-21 09:56:54.262 INFO  [ CartSession#addItem ] [ CartSession#addItem ] Added new item
2025-12-21 09:56:54.262 INFO  [ CartSession#calculateTotalPrice ] [ CartSession#calculateTotalPrice ] totalPrice=3400
2025-12-21 09:56:54.267 INFO  [ CartSession#addItem ] [ CartSession#addItem ] bookId=1, count=2
2025-12-21 09:56:54.268 INFO  [ CartSession#addItem ] [ CartSession#addItem ] Added new item
2025-12-21 09:56:54.268 INFO  [ CartSession#calculateTotalPrice ] [ CartSession#calculateTotalPrice ] totalPrice=6800
2025-12-21 09:56:54.269 INFO  [ CartSession#addItem ] [ CartSession#addItem ] bookId=2, count=1
2025-12-21 09:56:54.269 INFO  [ CartSession#addItem ] [ CartSession#addItem ] Added new item
2025-12-21 09:56:54.270 INFO  [ CartSession#calculateTotalPrice ] [ CartSession#calculateTotalPrice ] totalPrice=11000
2025-12-21 09:56:54.270 INFO  [ CartSession#removeItem ] [ CartSession#removeItem ] bookId=1
2025-12-21 09:56:54.271 INFO  [ CartSession#calculateTotalPrice ] [ CartSession#calculateTotalPrice ] totalPrice=4200
2025-12-21 09:56:54.276 INFO  [ CartSession#addItem ] [ CartSession#addItem ] bookId=1, count=2
2025-12-21 09:56:54.277 INFO  [ CartSession#addItem ] [ CartSession#addItem ] Added new item
2025-12-21 09:56:54.278 INFO  [ CartSession#calculateTotalPrice ] [ CartSession#calculateTotalPrice ] totalPrice=6800
2025-12-21 09:56:54.282 INFO  [ CartSession#addItem ] [ CartSession#addItem ] bookId=1, count=2
2025-12-21 09:56:54.282 INFO  [ CartSession#addItem ] [ CartSession#addItem ] Added new item
2025-12-21 09:56:54.283 INFO  [ CartSession#calculateTotalPrice ] [ CartSession#calculateTotalPrice ] totalPrice=6800
2025-12-21 09:56:54.283 INFO  [ CartSession#removeItem ] [ CartSession#removeItem ] bookId=999
2025-12-21 09:56:54.284 INFO  [ CartSession#calculateTotalPrice ] [ CartSession#calculateTotalPrice ] totalPrice=6800
2025-12-21 09:56:54.287 INFO  [ CartSession#addItem ] [ CartSession#addItem ] bookId=1, count=2
2025-12-21 09:56:54.288 INFO  [ CartSession#addItem ] [ CartSession#addItem ] Added new item
2025-12-21 09:56:54.288 INFO  [ CartSession#calculateTotalPrice ] [ CartSession#calculateTotalPrice ] totalPrice=6800
2025-12-21 09:56:54.289 INFO  [ CartSession#addItem ] [ CartSession#addItem ] bookId=2, count=1
2025-12-21 09:56:54.290 INFO  [ CartSession#addItem ] [ CartSession#addItem ] Added new item
2025-12-21 09:56:54.290 INFO  [ CartSession#calculateTotalPrice ] [ CartSession#calculateTotalPrice ] totalPrice=11000
2025-12-21 09:56:54.291 INFO  [ CartSession#addItem ] [ CartSession#addItem ] bookId=3, count=1
2025-12-21 09:56:54.291 INFO  [ CartSession#addItem ] [ CartSession#addItem ] Added new item
2025-12-21 09:56:54.292 INFO  [ CartSession#calculateTotalPrice ] [ CartSession#calculateTotalPrice ] totalPrice=13800
2025-12-21 09:56:54.293 INFO  [ CartSession#removeItem ] [ CartSession#removeItem ] bookId=1
2025-12-21 09:56:54.293 INFO  [ CartSession#calculateTotalPrice ] [ CartSession#calculateTotalPrice ] totalPrice=7000
2025-12-21 09:56:54.294 INFO  [ CartSession#removeItem ] [ CartSession#removeItem ] bookId=3
2025-12-21 09:56:54.295 INFO  [ CartSession#calculateTotalPrice ] [ CartSession#calculateTotalPrice ] totalPrice=4200
2025-12-21 09:56:54.298 INFO  [ CartSession#addItem ] [ CartSession#addItem ] bookId=1, count=2
2025-12-21 09:56:54.299 INFO  [ CartSession#addItem ] [ CartSession#addItem ] Added new item
2025-12-21 09:56:54.300 INFO  [ CartSession#calculateTotalPrice ] [ CartSession#calculateTotalPrice ] totalPrice=6800
2025-12-21 09:56:54.300 INFO  [ CartSession#addItem ] [ CartSession#addItem ] bookId=1, count=3
2025-12-21 09:56:54.301 INFO  [ CartSession#addItem ] [ CartSession#addItem ] Updated existing item, new count=5
2025-12-21 09:56:54.301 INFO  [ CartSession#calculateTotalPrice ] [ CartSession#calculateTotalPrice ] totalPrice=17000
2025-12-21 09:56:54.304 INFO  [ CartSession#addItem ] [ CartSession#addItem ] bookId=1, count=2
2025-12-21 09:56:54.305 INFO  [ CartSession#addItem ] [ CartSession#addItem ] Added new item
2025-12-21 09:56:54.306 INFO  [ CartSession#calculateTotalPrice ] [ CartSession#calculateTotalPrice ] totalPrice=6800
2025-12-21 09:56:54.306 INFO  [ CartSession#addItem ] [ CartSession#addItem ] bookId=2, count=3
2025-12-21 09:56:54.307 INFO  [ CartSession#addItem ] [ CartSession#addItem ] Added new item
2025-12-21 09:56:54.307 INFO  [ CartSession#calculateTotalPrice ] [ CartSession#calculateTotalPrice ] totalPrice=19400
2025-12-21 09:56:54.308 INFO  [ CartSession#addItem ] [ CartSession#addItem ] bookId=3, count=1
2025-12-21 09:56:54.308 INFO  [ CartSession#addItem ] [ CartSession#addItem ] Added new item
2025-12-21 09:56:54.309 INFO  [ CartSession#calculateTotalPrice ] [ CartSession#calculateTotalPrice ] totalPrice=22200
2025-12-21 09:56:54.317 INFO  [ CartSession#addItem ] [ CartSession#addItem ] bookId=1, count=1
2025-12-21 09:56:54.317 INFO  [ CartSession#addItem ] [ CartSession#addItem ] Added new item
2025-12-21 09:56:54.318 INFO  [ CartSession#calculateTotalPrice ] [ CartSession#calculateTotalPrice ] totalPrice=3400
2025-12-21 09:56:54.318 WARN  [ CartSession#removeItem ] [ CartSession#removeItem ] bookId is null
2025-12-21 09:56:54.323 WARN  [ CartSession#addItem ] [ CartSession#addItem ] item is null
2025-12-21 09:59:13.651 INFO  [ CartSession#clear ] [ CartSession#clear ]
2025-12-21 09:59:13.816 INFO  [ BookService#searchBook ] [ BookService#searchBook ] categoryId=1, keyword=null
2025-12-21 09:59:13.851 INFO  [ CartSession#addItem ] [ CartSession#addItem ] bookId=1, count=1
2025-12-21 09:59:13.854 INFO  [ CartSession#addItem ] [ CartSession#addItem ] Added new item
2025-12-21 09:59:13.858 INFO  [ CartSession#calculateTotalPrice ] [ CartSession#calculateTotalPrice ] totalPrice=3000
2025-12-21 09:59:13.859 INFO  [ CartSession#calculateTotalPrice ] [ CartSession#calculateTotalPrice ] totalPrice=3000
2025-12-21 09:59:13.865 INFO  [ CartSession#clear ] [ CartSession#clear ]
2025-12-21 09:59:14.060 INFO  [ CartSession#clear ] [ CartSession#clear ]
2025-12-21 09:59:14.157 INFO  [ CartSession#clear ] [ CartSession#clear ]
2025-12-21 09:59:16.020 INFO  [ CartSession#clear ] [ CartSession#clear ]
2025-12-21 09:59:16.025 INFO  [ BookService#searchBook ] [ BookService#searchBook ] categoryId=1, keyword=null
2025-12-21 09:59:16.028 INFO  [ CartSession#addItem ] [ CartSession#addItem ] bookId=1, count=1
2025-12-21 09:59:16.030 INFO  [ CartSession#addItem ] [ CartSession#addItem ] Added new item
2025-12-21 09:59:16.032 INFO  [ CartSession#calculateTotalPrice ] [ CartSession#calculateTotalPrice ] totalPrice=3000
2025-12-21 09:59:16.033 INFO  [ CartSession#calculateTotalPrice ] [ CartSession#calculateTotalPrice ] totalPrice=3000
2025-12-21 09:59:16.047 INFO  [ CartSession#clear ] [ CartSession#clear ]
2025-12-21 09:59:16.050 INFO  [ BookService#searchBook ] [ BookService#searchBook ] categoryId=1, keyword=null
2025-12-21 09:59:16.052 INFO  [ CartSession#addItem ] [ CartSession#addItem ] bookId=1, count=1
2025-12-21 09:59:16.052 INFO  [ CartSession#addItem ] [ CartSession#addItem ] Added new item
2025-12-21 09:59:16.053 INFO  [ CartSession#calculateTotalPrice ] [ CartSession#calculateTotalPrice ] totalPrice=3000
2025-12-21 09:59:16.054 INFO  [ CartSession#addItem ] [ CartSession#addItem ] bookId=2, count=2
2025-12-21 09:59:16.054 INFO  [ CartSession#addItem ] [ CartSession#addItem ] Added new item
2025-12-21 09:59:16.055 INFO  [ CartSession#calculateTotalPrice ] [ CartSession#calculateTotalPrice ] totalPrice=11000
2025-12-21 09:59:16.056 INFO  [ CartSession#calculateTotalPrice ] [ CartSession#calculateTotalPrice ] totalPrice=11000
2025-12-21 09:59:16.066 INFO  [ CartSession#clear ] [ CartSession#clear ]
2025-12-21 09:59:16.068 INFO  [ BookService#searchBook ] [ BookService#searchBook ] categoryId=1, keyword=null
2025-12-21 09:59:16.070 INFO  [ CartSession#addItem ] [ CartSession#addItem ] bookId=1, count=1
2025-12-21 09:59:16.070 INFO  [ CartSession#addItem ] [ CartSession#addItem ] Added new item
2025-12-21 09:59:16.071 INFO  [ CartSession#calculateTotalPrice ] [ CartSession#calculateTotalPrice ] totalPrice=3000
2025-12-21 09:59:16.071 INFO  [ CartSession#addItem ] [ CartSession#addItem ] bookId=2, count=1
2025-12-21 09:59:16.072 INFO  [ CartSession#addItem ] [ CartSession#addItem ] Added new item
2025-12-21 09:59:16.075 INFO  [ CartSession#calculateTotalPrice ] [ CartSession#calculateTotalPrice ] totalPrice=7000
2025-12-21 09:59:16.076 INFO  [ CartSession#removeItem ] [ CartSession#removeItem ] bookId=1
2025-12-21 09:59:16.078 INFO  [ CartSession#calculateTotalPrice ] [ CartSession#calculateTotalPrice ] totalPrice=4000
2025-12-21 09:59:16.079 INFO  [ CartSession#calculateTotalPrice ] [ CartSession#calculateTotalPrice ] totalPrice=4000
2025-12-21 09:59:16.210 INFO  [ BookService#searchBook ] [ BookService#searchBook ] categoryId=null, keyword=Java
2025-12-21 09:59:16.222 INFO  [ BookService#searchBook ] [ BookService#searchBook ] categoryId=null, keyword=   
2025-12-21 09:59:16.234 INFO  [ BookService#findBookById ] [ BookService#findBookById ] bookId=1
2025-12-21 09:59:16.249 INFO  [ BookService#searchBook ] [ BookService#searchBook ] categoryId=null, keyword=null
2025-12-21 09:59:16.262 INFO  [ BookService#searchBook ] [ BookService#searchBook ] categoryId=1, keyword=null
2025-12-21 09:59:16.277 INFO  [ BookService#searchBook ] [ BookService#searchBook ] categoryId=1, keyword=Java
2025-12-21 09:59:16.299 INFO  [ BookService#findBookById ] [ BookService#findBookById ] bookId=999
2025-12-21 09:59:16.311 INFO  [ BookService#searchBook ] [ BookService#searchBook ] categoryId=null, keyword=存在しない書籍
2025-12-21 09:59:16.454 INFO  [ CustomerService#findByEmail ] [ CustomerService#findByEmail ] email=notfound@gmail.com
2025-12-21 09:59:16.456 INFO  [ CustomerService#findByEmail ] [ CustomerService#findByEmail ] Customer not found: email=notfound@gmail.com
2025-12-21 09:59:16.468 INFO  [ CustomerService#authenticate ] [ CustomerService#authenticate ] email=alice@gmail.com
2025-12-21 09:59:16.469 INFO  [ CustomerService#authenticate ] [ CustomerService#authenticate ] Password mismatch: email=alice@gmail.com
2025-12-21 09:59:16.491 INFO  [ CustomerService#findByEmail ] [ CustomerService#findByEmail ] email=alice@gmail.com
2025-12-21 09:59:16.495 INFO  [ CustomerService#findByEmail ] [ CustomerService#findByEmail ] Customer found: customerId=1
2025-12-21 09:59:16.506 INFO  [ CustomerService#authenticate ] [ CustomerService#authenticate ] email=alice@gmail.com
2025-12-21 09:59:16.509 INFO  [ CustomerService#authenticate ] [ CustomerService#authenticate ] Authentication successful: customerId=1
2025-12-21 09:59:16.520 INFO  [ CustomerService#register ] [ CustomerService#register ] email=alice@gmail.com
2025-12-21 09:59:16.521 INFO  [ CustomerService#register ] [ CustomerService#register ] Customer registered successfully: customerId=1
2025-12-21 09:59:16.531 INFO  [ CustomerService#authenticate ] [ CustomerService#authenticate ] email=notfound@gmail.com
2025-12-21 09:59:16.533 INFO  [ CustomerService#authenticate ] [ CustomerService#authenticate ] Customer not found: email=notfound@gmail.com
2025-12-21 09:59:16.552 INFO  [ CustomerService#register ] [ CustomerService#register ] email=alice@gmail.com
2025-12-21 09:59:16.568 INFO  [ DeliveryFeeService#calculateDeliveryFee ] [ DeliveryFeeService#calculateDeliveryFee ] address=東京都渋谷区神南1-1-1, totalPrice=5000
2025-12-21 09:59:16.569 INFO  [ DeliveryFeeService#calculateDeliveryFee ] [ DeliveryFeeService ] 送料無料（購入金額5000円 >= 5000円）
2025-12-21 09:59:16.576 INFO  [ DeliveryFeeService#calculateDeliveryFee ] [ DeliveryFeeService#calculateDeliveryFee ] address=福岡県福岡市博多区博多駅1-1, totalPrice=10000
2025-12-21 09:59:16.577 INFO  [ DeliveryFeeService#calculateDeliveryFee ] [ DeliveryFeeService ] 送料無料（購入金額10000円 >= 5000円）
2025-12-21 09:59:16.581 INFO  [ DeliveryFeeService#calculateDeliveryFee ] [ DeliveryFeeService#calculateDeliveryFee ] address=大阪府大阪市北区梅田1-1-1, totalPrice=5001
2025-12-21 09:59:16.582 INFO  [ DeliveryFeeService#calculateDeliveryFee ] [ DeliveryFeeService ] 送料無料（購入金額5001円 >= 5000円）
2025-12-21 09:59:16.595 INFO  [ DeliveryFeeService#calculateDeliveryFee ] [ DeliveryFeeService#calculateDeliveryFee ] address=沖縄県那覇市おもろまち1-1-1, totalPrice=3000
2025-12-21 09:59:16.596 INFO  [ DeliveryFeeService#calculateDeliveryFee ] [ DeliveryFeeService ] 沖縄県への配送料金: 1700
2025-12-21 09:59:16.609 INFO  [ DeliveryFeeService#calculateDeliveryFee ] [ DeliveryFeeService#calculateDeliveryFee ] address=沖縄県那覇市おもろまち1-1-1, totalPrice=5000
2025-12-21 09:59:16.610 INFO  [ DeliveryFeeService#calculateDeliveryFee ] [ DeliveryFeeService ] 送料無料（購入金額5000円 >= 5000円）
2025-12-21 09:59:16.615 INFO  [ DeliveryFeeService#calculateDeliveryFee ] [ DeliveryFeeService#calculateDeliveryFee ] address=東京都渋谷区神南1-1-1, totalPrice=4999
2025-12-21 09:59:16.615 INFO  [ DeliveryFeeService#calculateDeliveryFee ] [ DeliveryFeeService ] 通常配送料金: 800
2025-12-21 09:59:16.619 INFO  [ DeliveryFeeService#calculateDeliveryFee ] [ DeliveryFeeService#calculateDeliveryFee ] address=北海道札幌市中央区北1条西1丁目, totalPrice=100
2025-12-21 09:59:16.620 INFO  [ DeliveryFeeService#calculateDeliveryFee ] [ DeliveryFeeService ] 通常配送料金: 800
2025-12-21 09:59:16.624 INFO  [ DeliveryFeeService#calculateDeliveryFee ] [ DeliveryFeeService#calculateDeliveryFee ] address=沖縄県石垣市登野城1-1, totalPrice=4999
2025-12-21 09:59:16.625 INFO  [ DeliveryFeeService#calculateDeliveryFee ] [ DeliveryFeeService ] 沖縄県への配送料金: 1700
2025-12-21 09:59:16.631 INFO  [ DeliveryFeeService#calculateDeliveryFee ] [ DeliveryFeeService#calculateDeliveryFee ] address=神奈川県横浜市西区みなとみらい1-1-1, totalPrice=1000
2025-12-21 09:59:16.632 INFO  [ DeliveryFeeService#calculateDeliveryFee ] [ DeliveryFeeService ] 通常配送料金: 800
2025-12-21 09:59:16.876 INFO  [ OrderService#getOrderDetail ] [ OrderService#getOrderDetail ] orderTranId=1
2025-12-21 09:59:16.925 INFO  [ OrderService#orderBooks ] [ OrderService#orderBooks ] customerId=1, deliveryAddress=東京都渋谷区神南1-1-1
2025-12-21 09:59:16.927 WARN  [ OrderService#orderBooks ] Stock not found for bookId=1
2025-12-21 09:59:16.955 INFO  [ OrderService#orderBooks ] [ OrderService#orderBooks ] customerId=1, deliveryAddress=東京都渋谷区神南1-1-1
2025-12-21 09:59:16.974 INFO  [ OrderService#getOrderHistory ] [ OrderService#getOrderHistory ] customerId=999
2025-12-21 09:59:16.997 INFO  [ OrderService#orderBooks ] [ OrderService#orderBooks ] customerId=1, deliveryAddress=東京都渋谷区神南1-1-1
2025-12-21 09:59:16.998 WARN  [ OrderService#orderBooks ] Out of stock: bookId=1, bookName=Java SE ディープダイブ, stock=1, ordered=2
2025-12-21 09:59:17.018 INFO  [ OrderService#getOrderHistory ] [ OrderService#getOrderHistory ] customerId=1
2025-12-21 09:59:17.035 INFO  [ OrderService#getOrderDetail ] [ OrderService#getOrderDetail ] orderTranId=999
2025-12-21 09:59:17.036 WARN  [ OrderService#getOrderDetail ] OrderTran not found: orderTranId=999
2025-12-21 09:59:17.060 INFO  [ OrderService#orderBooks ] [ OrderService#orderBooks ] customerId=1, deliveryAddress=東京都渋谷区神南1-1-1
2025-12-21 09:59:17.088 INFO  [ OrderService#orderBooks ] [ OrderService#orderBooks ] Order completed: orderTranId=1, totalPrice=9800
2025-12-21 09:59:17.128 INFO  [ CartSession#addItem ] [ CartSession#addItem ] bookId=1, count=2
2025-12-21 09:59:17.128 INFO  [ CartSession#addItem ] [ CartSession#addItem ] Added new item
2025-12-21 09:59:17.129 INFO  [ CartSession#calculateTotalPrice ] [ CartSession#calculateTotalPrice ] totalPrice=6800
2025-12-21 09:59:17.129 INFO  [ CartSession#addItem ] [ CartSession#addItem ] bookId=2, count=1
2025-12-21 09:59:17.130 INFO  [ CartSession#addItem ] [ CartSession#addItem ] Added new item
2025-12-21 09:59:17.131 INFO  [ CartSession#calculateTotalPrice ] [ CartSession#calculateTotalPrice ] totalPrice=11000
2025-12-21 09:59:17.132 INFO  [ CartSession#clear ] [ CartSession#clear ]
2025-12-21 09:59:17.142 INFO  [ CartSession#addItem ] [ CartSession#addItem ] bookId=1, count=1
2025-12-21 09:59:17.143 INFO  [ CartSession#addItem ] [ CartSession#addItem ] Added new item
2025-12-21 09:59:17.144 INFO  [ CartSession#calculateTotalPrice ] [ CartSession#calculateTotalPrice ] totalPrice=3400
2025-12-21 09:59:17.178 INFO  [ CartSession#addItem ] [ CartSession#addItem ] bookId=1, count=2
2025-12-21 09:59:17.179 INFO  [ CartSession#addItem ] [ CartSession#addItem ] Added new item
2025-12-21 09:59:17.182 INFO  [ CartSession#calculateTotalPrice ] [ CartSession#calculateTotalPrice ] totalPrice=6800
2025-12-21 09:59:17.184 INFO  [ CartSession#addItem ] [ CartSession#addItem ] bookId=2, count=1
2025-12-21 09:59:17.185 INFO  [ CartSession#addItem ] [ CartSession#addItem ] Added new item
2025-12-21 09:59:17.186 INFO  [ CartSession#calculateTotalPrice ] [ CartSession#calculateTotalPrice ] totalPrice=11000
2025-12-21 09:59:17.186 INFO  [ CartSession#removeItem ] [ CartSession#removeItem ] bookId=1
2025-12-21 09:59:17.187 INFO  [ CartSession#calculateTotalPrice ] [ CartSession#calculateTotalPrice ] totalPrice=4200
2025-12-21 09:59:17.197 INFO  [ CartSession#addItem ] [ CartSession#addItem ] bookId=1, count=2
2025-12-21 09:59:17.198 INFO  [ CartSession#addItem ] [ CartSession#addItem ] Added new item
2025-12-21 09:59:17.201 INFO  [ CartSession#calculateTotalPrice ] [ CartSession#calculateTotalPrice ] totalPrice=6800
2025-12-21 09:59:17.206 INFO  [ CartSession#addItem ] [ CartSession#addItem ] bookId=1, count=2
2025-12-21 09:59:17.209 INFO  [ CartSession#addItem ] [ CartSession#addItem ] Added new item
2025-12-21 09:59:17.210 INFO  [ CartSession#calculateTotalPrice ] [ CartSession#calculateTotalPrice ] totalPrice=6800
2025-12-21 09:59:17.211 INFO  [ CartSession#removeItem ] [ CartSession#removeItem ] bookId=999
2025-12-21 09:59:17.213 INFO  [ CartSession#calculateTotalPrice ] [ CartSession#calculateTotalPrice ] totalPrice=6800
2025-12-21 09:59:17.219 INFO  [ CartSession#addItem ] [ CartSession#addItem ] bookId=1, count=2
2025-12-21 09:59:17.220 INFO  [ CartSession#addItem ] [ CartSession#addItem ] Added new item
2025-12-21 09:59:17.222 INFO  [ CartSession#calculateTotalPrice ] [ CartSession#calculateTotalPrice ] totalPrice=6800
2025-12-21 09:59:17.223 INFO  [ CartSession#addItem ] [ CartSession#addItem ] bookId=2, count=1
2025-12-21 09:59:17.225 INFO  [ CartSession#addItem ] [ CartSession#addItem ] Added new item
2025-12-21 09:59:17.252 INFO  [ CartSession#calculateTotalPrice ] [ CartSession#calculateTotalPrice ] totalPrice=11000
2025-12-21 09:59:17.256 INFO  [ CartSession#addItem ] [ CartSession#addItem ] bookId=3, count=1
2025-12-21 09:59:17.261 INFO  [ CartSession#addItem ] [ CartSession#addItem ] Added new item
2025-12-21 09:59:17.262 INFO  [ CartSession#calculateTotalPrice ] [ CartSession#calculateTotalPrice ] totalPrice=13800
2025-12-21 09:59:17.262 INFO  [ CartSession#removeItem ] [ CartSession#removeItem ] bookId=1
2025-12-21 09:59:17.263 INFO  [ CartSession#calculateTotalPrice ] [ CartSession#calculateTotalPrice ] totalPrice=7000
2025-12-21 09:59:17.263 INFO  [ CartSession#removeItem ] [ CartSession#removeItem ] bookId=3
2025-12-21 09:59:17.264 INFO  [ CartSession#calculateTotalPrice ] [ CartSession#calculateTotalPrice ] totalPrice=4200
2025-12-21 09:59:17.267 INFO  [ CartSession#addItem ] [ CartSession#addItem ] bookId=1, count=2
2025-12-21 09:59:17.268 INFO  [ CartSession#addItem ] [ CartSession#addItem ] Added new item
2025-12-21 09:59:17.269 INFO  [ CartSession#calculateTotalPrice ] [ CartSession#calculateTotalPrice ] totalPrice=6800
2025-12-21 09:59:17.269 INFO  [ CartSession#addItem ] [ CartSession#addItem ] bookId=1, count=3
2025-12-21 09:59:17.270 INFO  [ CartSession#addItem ] [ CartSession#addItem ] Updated existing item, new count=5
2025-12-21 09:59:17.271 INFO  [ CartSession#calculateTotalPrice ] [ CartSession#calculateTotalPrice ] totalPrice=17000
2025-12-21 09:59:17.275 INFO  [ CartSession#addItem ] [ CartSession#addItem ] bookId=1, count=2
2025-12-21 09:59:17.276 INFO  [ CartSession#addItem ] [ CartSession#addItem ] Added new item
2025-12-21 09:59:17.276 INFO  [ CartSession#calculateTotalPrice ] [ CartSession#calculateTotalPrice ] totalPrice=6800
2025-12-21 09:59:17.277 INFO  [ CartSession#addItem ] [ CartSession#addItem ] bookId=2, count=3
2025-12-21 09:59:17.277 INFO  [ CartSession#addItem ] [ CartSession#addItem ] Added new item
2025-12-21 09:59:17.278 INFO  [ CartSession#calculateTotalPrice ] [ CartSession#calculateTotalPrice ] totalPrice=19400
2025-12-21 09:59:17.279 INFO  [ CartSession#addItem ] [ CartSession#addItem ] bookId=3, count=1
2025-12-21 09:59:17.279 INFO  [ CartSession#addItem ] [ CartSession#addItem ] Added new item
2025-12-21 09:59:17.280 INFO  [ CartSession#calculateTotalPrice ] [ CartSession#calculateTotalPrice ] totalPrice=22200
2025-12-21 09:59:17.286 INFO  [ CartSession#addItem ] [ CartSession#addItem ] bookId=1, count=1
2025-12-21 09:59:17.287 INFO  [ CartSession#addItem ] [ CartSession#addItem ] Added new item
2025-12-21 09:59:17.288 INFO  [ CartSession#calculateTotalPrice ] [ CartSession#calculateTotalPrice ] totalPrice=3400
2025-12-21 09:59:17.288 WARN  [ CartSession#removeItem ] [ CartSession#removeItem ] bookId is null
2025-12-21 09:59:17.300 WARN  [ CartSession#addItem ] [ CartSession#addItem ] item is null
2025-12-21 10:01:32.352 INFO  [ CartSession#clear ] [ CartSession#clear ]
2025-12-21 10:01:32.515 INFO  [ BookService#searchBook ] [ BookService#searchBook ] categoryId=1, keyword=null
2025-12-21 10:01:32.549 INFO  [ CartSession#addItem ] [ CartSession#addItem ] bookId=1, count=1
2025-12-21 10:01:32.551 INFO  [ CartSession#addItem ] [ CartSession#addItem ] Added new item
2025-12-21 10:01:32.553 INFO  [ CartSession#calculateTotalPrice ] [ CartSession#calculateTotalPrice ] totalPrice=3000
2025-12-21 10:01:32.555 INFO  [ CartSession#calculateTotalPrice ] [ CartSession#calculateTotalPrice ] totalPrice=3000
2025-12-21 10:01:32.564 INFO  [ CartSession#clear ] [ CartSession#clear ]
2025-12-21 10:01:32.650 INFO  [ CartSession#clear ] [ CartSession#clear ]
2025-12-21 10:01:32.673 INFO  [ CartSession#clear ] [ CartSession#clear ]
2025-12-21 10:01:34.603 INFO  [ CartSession#clear ] [ CartSession#clear ]
2025-12-21 10:01:34.606 INFO  [ BookService#searchBook ] [ BookService#searchBook ] categoryId=1, keyword=null
2025-12-21 10:01:34.607 INFO  [ CartSession#addItem ] [ CartSession#addItem ] bookId=1, count=1
2025-12-21 10:01:34.608 INFO  [ CartSession#addItem ] [ CartSession#addItem ] Added new item
2025-12-21 10:01:34.609 INFO  [ CartSession#calculateTotalPrice ] [ CartSession#calculateTotalPrice ] totalPrice=3000
2025-12-21 10:01:34.610 INFO  [ CartSession#calculateTotalPrice ] [ CartSession#calculateTotalPrice ] totalPrice=3000
2025-12-21 10:01:34.626 INFO  [ CartSession#clear ] [ CartSession#clear ]
2025-12-21 10:01:34.630 INFO  [ BookService#searchBook ] [ BookService#searchBook ] categoryId=1, keyword=null
2025-12-21 10:01:34.632 INFO  [ CartSession#addItem ] [ CartSession#addItem ] bookId=1, count=1
2025-12-21 10:01:34.635 INFO  [ CartSession#addItem ] [ CartSession#addItem ] Added new item
2025-12-21 10:01:34.636 INFO  [ CartSession#calculateTotalPrice ] [ CartSession#calculateTotalPrice ] totalPrice=3000
2025-12-21 10:01:34.637 INFO  [ CartSession#addItem ] [ CartSession#addItem ] bookId=2, count=2
2025-12-21 10:01:34.638 INFO  [ CartSession#addItem ] [ CartSession#addItem ] Added new item
2025-12-21 10:01:34.638 INFO  [ CartSession#calculateTotalPrice ] [ CartSession#calculateTotalPrice ] totalPrice=11000
2025-12-21 10:01:34.639 INFO  [ CartSession#calculateTotalPrice ] [ CartSession#calculateTotalPrice ] totalPrice=11000
2025-12-21 10:01:34.651 INFO  [ CartSession#clear ] [ CartSession#clear ]
2025-12-21 10:01:34.655 INFO  [ BookService#searchBook ] [ BookService#searchBook ] categoryId=1, keyword=null
2025-12-21 10:01:34.657 INFO  [ CartSession#addItem ] [ CartSession#addItem ] bookId=1, count=1
2025-12-21 10:01:34.657 INFO  [ CartSession#addItem ] [ CartSession#addItem ] Added new item
2025-12-21 10:01:34.658 INFO  [ CartSession#calculateTotalPrice ] [ CartSession#calculateTotalPrice ] totalPrice=3000
2025-12-21 10:01:34.658 INFO  [ CartSession#addItem ] [ CartSession#addItem ] bookId=2, count=1
2025-12-21 10:01:34.659 INFO  [ CartSession#addItem ] [ CartSession#addItem ] Added new item
2025-12-21 10:01:34.659 INFO  [ CartSession#calculateTotalPrice ] [ CartSession#calculateTotalPrice ] totalPrice=7000
2025-12-21 10:01:34.660 INFO  [ CartSession#removeItem ] [ CartSession#removeItem ] bookId=1
2025-12-21 10:01:34.666 INFO  [ CartSession#calculateTotalPrice ] [ CartSession#calculateTotalPrice ] totalPrice=4000
2025-12-21 10:01:34.667 INFO  [ CartSession#calculateTotalPrice ] [ CartSession#calculateTotalPrice ] totalPrice=4000
2025-12-21 10:01:34.876 INFO  [ BookService#searchBook ] [ BookService#searchBook ] categoryId=null, keyword=Java
2025-12-21 10:01:34.893 INFO  [ BookService#searchBook ] [ BookService#searchBook ] categoryId=null, keyword=   
2025-12-21 10:01:34.909 INFO  [ BookService#findBookById ] [ BookService#findBookById ] bookId=1
2025-12-21 10:01:34.922 INFO  [ BookService#searchBook ] [ BookService#searchBook ] categoryId=null, keyword=null
2025-12-21 10:01:34.935 INFO  [ BookService#searchBook ] [ BookService#searchBook ] categoryId=1, keyword=null
2025-12-21 10:01:34.946 INFO  [ BookService#searchBook ] [ BookService#searchBook ] categoryId=1, keyword=Java
2025-12-21 10:01:34.964 INFO  [ BookService#findBookById ] [ BookService#findBookById ] bookId=999
2025-12-21 10:01:34.975 INFO  [ BookService#searchBook ] [ BookService#searchBook ] categoryId=null, keyword=存在しない書籍
2025-12-21 10:01:35.123 INFO  [ CustomerService#findByEmail ] [ CustomerService#findByEmail ] email=notfound@gmail.com
2025-12-21 10:01:35.124 INFO  [ CustomerService#findByEmail ] [ CustomerService#findByEmail ] Customer not found: email=notfound@gmail.com
2025-12-21 10:01:35.137 INFO  [ CustomerService#authenticate ] [ CustomerService#authenticate ] email=alice@gmail.com
2025-12-21 10:01:35.138 INFO  [ CustomerService#authenticate ] [ CustomerService#authenticate ] Password mismatch: email=alice@gmail.com
2025-12-21 10:01:35.151 INFO  [ CustomerService#findByEmail ] [ CustomerService#findByEmail ] email=alice@gmail.com
2025-12-21 10:01:35.153 INFO  [ CustomerService#findByEmail ] [ CustomerService#findByEmail ] Customer found: customerId=1
2025-12-21 10:01:35.165 INFO  [ CustomerService#authenticate ] [ CustomerService#authenticate ] email=alice@gmail.com
2025-12-21 10:01:35.166 INFO  [ CustomerService#authenticate ] [ CustomerService#authenticate ] Authentication successful: customerId=1
2025-12-21 10:01:35.176 INFO  [ CustomerService#register ] [ CustomerService#register ] email=alice@gmail.com
2025-12-21 10:01:35.177 INFO  [ CustomerService#register ] [ CustomerService#register ] Customer registered successfully: customerId=1
2025-12-21 10:01:35.191 INFO  [ CustomerService#authenticate ] [ CustomerService#authenticate ] email=notfound@gmail.com
2025-12-21 10:01:35.192 INFO  [ CustomerService#authenticate ] [ CustomerService#authenticate ] Customer not found: email=notfound@gmail.com
2025-12-21 10:01:35.218 INFO  [ CustomerService#register ] [ CustomerService#register ] email=alice@gmail.com
2025-12-21 10:01:35.238 INFO  [ DeliveryFeeService#calculateDeliveryFee ] [ DeliveryFeeService#calculateDeliveryFee ] address=東京都渋谷区神南1-1-1, totalPrice=5000
2025-12-21 10:01:35.240 INFO  [ DeliveryFeeService#calculateDeliveryFee ] [ DeliveryFeeService ] 送料無料（購入金額5000円 >= 5000円）
2025-12-21 10:01:35.248 INFO  [ DeliveryFeeService#calculateDeliveryFee ] [ DeliveryFeeService#calculateDeliveryFee ] address=福岡県福岡市博多区博多駅1-1, totalPrice=10000
2025-12-21 10:01:35.249 INFO  [ DeliveryFeeService#calculateDeliveryFee ] [ DeliveryFeeService ] 送料無料（購入金額10000円 >= 5000円）
2025-12-21 10:01:35.254 INFO  [ DeliveryFeeService#calculateDeliveryFee ] [ DeliveryFeeService#calculateDeliveryFee ] address=大阪府大阪市北区梅田1-1-1, totalPrice=5001
2025-12-21 10:01:35.256 INFO  [ DeliveryFeeService#calculateDeliveryFee ] [ DeliveryFeeService ] 送料無料（購入金額5001円 >= 5000円）
2025-12-21 10:01:35.268 INFO  [ DeliveryFeeService#calculateDeliveryFee ] [ DeliveryFeeService#calculateDeliveryFee ] address=沖縄県那覇市おもろまち1-1-1, totalPrice=3000
2025-12-21 10:01:35.269 INFO  [ DeliveryFeeService#calculateDeliveryFee ] [ DeliveryFeeService ] 沖縄県への配送料金: 1700
2025-12-21 10:01:35.283 INFO  [ DeliveryFeeService#calculateDeliveryFee ] [ DeliveryFeeService#calculateDeliveryFee ] address=沖縄県那覇市おもろまち1-1-1, totalPrice=5000
2025-12-21 10:01:35.285 INFO  [ DeliveryFeeService#calculateDeliveryFee ] [ DeliveryFeeService ] 送料無料（購入金額5000円 >= 5000円）
2025-12-21 10:01:35.290 INFO  [ DeliveryFeeService#calculateDeliveryFee ] [ DeliveryFeeService#calculateDeliveryFee ] address=東京都渋谷区神南1-1-1, totalPrice=4999
2025-12-21 10:01:35.292 INFO  [ DeliveryFeeService#calculateDeliveryFee ] [ DeliveryFeeService ] 通常配送料金: 800
2025-12-21 10:01:35.299 INFO  [ DeliveryFeeService#calculateDeliveryFee ] [ DeliveryFeeService#calculateDeliveryFee ] address=北海道札幌市中央区北1条西1丁目, totalPrice=100
2025-12-21 10:01:35.301 INFO  [ DeliveryFeeService#calculateDeliveryFee ] [ DeliveryFeeService ] 通常配送料金: 800
2025-12-21 10:01:35.305 INFO  [ DeliveryFeeService#calculateDeliveryFee ] [ DeliveryFeeService#calculateDeliveryFee ] address=沖縄県石垣市登野城1-1, totalPrice=4999
2025-12-21 10:01:35.307 INFO  [ DeliveryFeeService#calculateDeliveryFee ] [ DeliveryFeeService ] 沖縄県への配送料金: 1700
2025-12-21 10:01:35.319 INFO  [ DeliveryFeeService#calculateDeliveryFee ] [ DeliveryFeeService#calculateDeliveryFee ] address=神奈川県横浜市西区みなとみらい1-1-1, totalPrice=1000
2025-12-21 10:01:35.320 INFO  [ DeliveryFeeService#calculateDeliveryFee ] [ DeliveryFeeService ] 通常配送料金: 800
2025-12-21 10:01:35.543 INFO  [ OrderService#getOrderDetail ] [ OrderService#getOrderDetail ] orderTranId=1
2025-12-21 10:01:35.573 INFO  [ OrderService#orderBooks ] [ OrderService#orderBooks ] customerId=1, deliveryAddress=東京都渋谷区神南1-1-1
2025-12-21 10:01:35.575 WARN  [ OrderService#orderBooks ] Stock not found for bookId=1
2025-12-21 10:01:35.600 INFO  [ OrderService#orderBooks ] [ OrderService#orderBooks ] customerId=1, deliveryAddress=東京都渋谷区神南1-1-1
2025-12-21 10:01:35.617 INFO  [ OrderService#getOrderHistory ] [ OrderService#getOrderHistory ] customerId=999
2025-12-21 10:01:35.632 INFO  [ OrderService#orderBooks ] [ OrderService#orderBooks ] customerId=1, deliveryAddress=東京都渋谷区神南1-1-1
2025-12-21 10:01:35.634 WARN  [ OrderService#orderBooks ] Out of stock: bookId=1, bookName=Java SE ディープダイブ, stock=1, ordered=2
2025-12-21 10:01:35.658 INFO  [ OrderService#getOrderHistory ] [ OrderService#getOrderHistory ] customerId=1
2025-12-21 10:01:35.674 INFO  [ OrderService#getOrderDetail ] [ OrderService#getOrderDetail ] orderTranId=999
2025-12-21 10:01:35.675 WARN  [ OrderService#getOrderDetail ] OrderTran not found: orderTranId=999
2025-12-21 10:01:35.710 INFO  [ OrderService#orderBooks ] [ OrderService#orderBooks ] customerId=1, deliveryAddress=東京都渋谷区神南1-1-1
2025-12-21 10:01:35.719 INFO  [ OrderService#orderBooks ] [ OrderService#orderBooks ] Order completed: orderTranId=1, totalPrice=9800
2025-12-21 10:01:35.751 INFO  [ CartSession#addItem ] [ CartSession#addItem ] bookId=1, count=2
2025-12-21 10:01:35.753 INFO  [ CartSession#addItem ] [ CartSession#addItem ] Added new item
2025-12-21 10:01:35.755 INFO  [ CartSession#calculateTotalPrice ] [ CartSession#calculateTotalPrice ] totalPrice=6800
2025-12-21 10:01:35.759 INFO  [ CartSession#addItem ] [ CartSession#addItem ] bookId=2, count=1
2025-12-21 10:01:35.760 INFO  [ CartSession#addItem ] [ CartSession#addItem ] Added new item
2025-12-21 10:01:35.767 INFO  [ CartSession#calculateTotalPrice ] [ CartSession#calculateTotalPrice ] totalPrice=11000
2025-12-21 10:01:35.770 INFO  [ CartSession#clear ] [ CartSession#clear ]
2025-12-21 10:01:35.781 INFO  [ CartSession#addItem ] [ CartSession#addItem ] bookId=1, count=1
2025-12-21 10:01:35.786 INFO  [ CartSession#addItem ] [ CartSession#addItem ] Added new item
2025-12-21 10:01:35.790 INFO  [ CartSession#calculateTotalPrice ] [ CartSession#calculateTotalPrice ] totalPrice=3400
2025-12-21 10:01:35.809 INFO  [ CartSession#addItem ] [ CartSession#addItem ] bookId=1, count=2
2025-12-21 10:01:35.810 INFO  [ CartSession#addItem ] [ CartSession#addItem ] Added new item
2025-12-21 10:01:35.811 INFO  [ CartSession#calculateTotalPrice ] [ CartSession#calculateTotalPrice ] totalPrice=6800
2025-12-21 10:01:35.812 INFO  [ CartSession#addItem ] [ CartSession#addItem ] bookId=2, count=1
2025-12-21 10:01:35.813 INFO  [ CartSession#addItem ] [ CartSession#addItem ] Added new item
2025-12-21 10:01:35.817 INFO  [ CartSession#calculateTotalPrice ] [ CartSession#calculateTotalPrice ] totalPrice=11000
2025-12-21 10:01:35.818 INFO  [ CartSession#removeItem ] [ CartSession#removeItem ] bookId=1
2025-12-21 10:01:35.818 INFO  [ CartSession#calculateTotalPrice ] [ CartSession#calculateTotalPrice ] totalPrice=4200
2025-12-21 10:01:35.824 INFO  [ CartSession#addItem ] [ CartSession#addItem ] bookId=1, count=2
2025-12-21 10:01:35.825 INFO  [ CartSession#addItem ] [ CartSession#addItem ] Added new item
2025-12-21 10:01:35.825 INFO  [ CartSession#calculateTotalPrice ] [ CartSession#calculateTotalPrice ] totalPrice=6800
2025-12-21 10:01:35.829 INFO  [ CartSession#addItem ] [ CartSession#addItem ] bookId=1, count=2
2025-12-21 10:01:35.829 INFO  [ CartSession#addItem ] [ CartSession#addItem ] Added new item
2025-12-21 10:01:35.830 INFO  [ CartSession#calculateTotalPrice ] [ CartSession#calculateTotalPrice ] totalPrice=6800
2025-12-21 10:01:35.831 INFO  [ CartSession#removeItem ] [ CartSession#removeItem ] bookId=999
2025-12-21 10:01:35.831 INFO  [ CartSession#calculateTotalPrice ] [ CartSession#calculateTotalPrice ] totalPrice=6800
2025-12-21 10:01:35.835 INFO  [ CartSession#addItem ] [ CartSession#addItem ] bookId=1, count=2
2025-12-21 10:01:35.836 INFO  [ CartSession#addItem ] [ CartSession#addItem ] Added new item
2025-12-21 10:01:35.837 INFO  [ CartSession#calculateTotalPrice ] [ CartSession#calculateTotalPrice ] totalPrice=6800
2025-12-21 10:01:35.839 INFO  [ CartSession#addItem ] [ CartSession#addItem ] bookId=2, count=1
2025-12-21 10:01:35.840 INFO  [ CartSession#addItem ] [ CartSession#addItem ] Added new item
2025-12-21 10:01:35.840 INFO  [ CartSession#calculateTotalPrice ] [ CartSession#calculateTotalPrice ] totalPrice=11000
2025-12-21 10:01:35.841 INFO  [ CartSession#addItem ] [ CartSession#addItem ] bookId=3, count=1
2025-12-21 10:01:35.842 INFO  [ CartSession#addItem ] [ CartSession#addItem ] Added new item
2025-12-21 10:01:35.843 INFO  [ CartSession#calculateTotalPrice ] [ CartSession#calculateTotalPrice ] totalPrice=13800
2025-12-21 10:01:35.844 INFO  [ CartSession#removeItem ] [ CartSession#removeItem ] bookId=1
2025-12-21 10:01:35.844 INFO  [ CartSession#calculateTotalPrice ] [ CartSession#calculateTotalPrice ] totalPrice=7000
2025-12-21 10:01:35.845 INFO  [ CartSession#removeItem ] [ CartSession#removeItem ] bookId=3
2025-12-21 10:01:35.848 INFO  [ CartSession#calculateTotalPrice ] [ CartSession#calculateTotalPrice ] totalPrice=4200
2025-12-21 10:01:35.854 INFO  [ CartSession#addItem ] [ CartSession#addItem ] bookId=1, count=2
2025-12-21 10:01:35.867 INFO  [ CartSession#addItem ] [ CartSession#addItem ] Added new item
2025-12-21 10:01:35.872 INFO  [ CartSession#calculateTotalPrice ] [ CartSession#calculateTotalPrice ] totalPrice=6800
2025-12-21 10:01:35.872 INFO  [ CartSession#addItem ] [ CartSession#addItem ] bookId=1, count=3
2025-12-21 10:01:35.874 INFO  [ CartSession#addItem ] [ CartSession#addItem ] Updated existing item, new count=5
2025-12-21 10:01:35.875 INFO  [ CartSession#calculateTotalPrice ] [ CartSession#calculateTotalPrice ] totalPrice=17000
2025-12-21 10:01:35.886 INFO  [ CartSession#addItem ] [ CartSession#addItem ] bookId=1, count=2
2025-12-21 10:01:35.887 INFO  [ CartSession#addItem ] [ CartSession#addItem ] Added new item
2025-12-21 10:01:35.887 INFO  [ CartSession#calculateTotalPrice ] [ CartSession#calculateTotalPrice ] totalPrice=6800
2025-12-21 10:01:35.888 INFO  [ CartSession#addItem ] [ CartSession#addItem ] bookId=2, count=3
2025-12-21 10:01:35.889 INFO  [ CartSession#addItem ] [ CartSession#addItem ] Added new item
2025-12-21 10:01:35.890 INFO  [ CartSession#calculateTotalPrice ] [ CartSession#calculateTotalPrice ] totalPrice=19400
2025-12-21 10:01:35.890 INFO  [ CartSession#addItem ] [ CartSession#addItem ] bookId=3, count=1
2025-12-21 10:01:35.891 INFO  [ CartSession#addItem ] [ CartSession#addItem ] Added new item
2025-12-21 10:01:35.892 INFO  [ CartSession#calculateTotalPrice ] [ CartSession#calculateTotalPrice ] totalPrice=22200
2025-12-21 10:01:35.901 INFO  [ CartSession#addItem ] [ CartSession#addItem ] bookId=1, count=1
2025-12-21 10:01:35.902 INFO  [ CartSession#addItem ] [ CartSession#addItem ] Added new item
2025-12-21 10:01:35.902 INFO  [ CartSession#calculateTotalPrice ] [ CartSession#calculateTotalPrice ] totalPrice=3400
2025-12-21 10:01:35.903 WARN  [ CartSession#removeItem ] [ CartSession#removeItem ] bookId is null
2025-12-21 10:01:35.906 WARN  [ CartSession#addItem ] [ CartSession#addItem ] item is null
